{"/Users/gustsantos/Desktop/initucastt_old/backend/src/db/prismaClient.js": {"path":"/Users/gustsantos/Desktop/initucastt_old/backend/src/db/prismaClient.js","statementMap":{"0":{"start":{"line":1,"column":25},"end":{"line":1,"column":50}},"1":{"start":{"line":2,"column":15},"end":{"line":2,"column":33}},"2":{"start":{"line":3,"column":0},"end":{"line":3,"column":24}}},"fnMap":{},"branchMap":{},"s":{"0":0,"1":0,"2":0},"f":{},"b":{}}
,"/Users/gustsantos/Desktop/initucastt_old/backend/src/engine/flowEngine.js": {"path":"/Users/gustsantos/Desktop/initucastt_old/backend/src/engine/flowEngine.js","statementMap":{"0":{"start":{"line":1,"column":11},"end":{"line":1,"column":24}},"1":{"start":{"line":2,"column":13},"end":{"line":2,"column":28}},"2":{"start":{"line":3,"column":33},"end":{"line":3,"column":64}},"3":{"start":{"line":4,"column":24},"end":{"line":4,"column":60}},"4":{"start":{"line":6,"column":19},"end":{"line":6,"column":67}},"5":{"start":{"line":7,"column":19},"end":{"line":7,"column":66}},"6":{"start":{"line":9,"column":12},"end":{"line":9,"column":14}},"7":{"start":{"line":10,"column":12},"end":{"line":10,"column":14}},"8":{"start":{"line":11,"column":14},"end":{"line":11,"column":23}},"9":{"start":{"line":14,"column":2},"end":{"line":14,"column":58}},"10":{"start":{"line":15,"column":2},"end":{"line":15,"column":88}},"11":{"start":{"line":18,"column":2},"end":{"line":18,"column":69}},"12":{"start":{"line":21,"column":2},"end":{"line":21,"column":75}},"13":{"start":{"line":21,"column":60},"end":{"line":21,"column":72}},"14":{"start":{"line":23,"column":30},"end":{"line":23,"column":67}},"15":{"start":{"line":23,"column":56},"end":{"line":23,"column":65}},"16":{"start":{"line":26,"column":15},"end":{"line":26,"column":56}},"17":{"start":{"line":27,"column":2},"end":{"line":31,"column":5}},"18":{"start":{"line":32,"column":2},"end":{"line":32,"column":26}},"19":{"start":{"line":33,"column":2},"end":{"line":33,"column":25}},"20":{"start":{"line":36,"column":13},"end":{"line":36,"column":48}},"21":{"start":{"line":37,"column":2},"end":{"line":37,"column":26}},"22":{"start":{"line":38,"column":2},"end":{"line":38,"column":30}},"23":{"start":{"line":41,"column":13},"end":{"line":41,"column":47}},"24":{"start":{"line":42,"column":2},"end":{"line":42,"column":40}},"25":{"start":{"line":43,"column":2},"end":{"line":43,"column":26}},"26":{"start":{"line":44,"column":2},"end":{"line":44,"column":32}},"27":{"start":{"line":47,"column":2},"end":{"line":47,"column":31}},"28":{"start":{"line":47,"column":18},"end":{"line":47,"column":31}},"29":{"start":{"line":48,"column":12},"end":{"line":48,"column":42}},"30":{"start":{"line":48,"column":44},"end":{"line":48,"column":65}},"31":{"start":{"line":48,"column":52},"end":{"line":48,"column":65}},"32":{"start":{"line":49,"column":16},"end":{"line":49,"column":78}},"33":{"start":{"line":49,"column":39},"end":{"line":49,"column":61}},"34":{"start":{"line":50,"column":12},"end":{"line":50,"column":35}},"35":{"start":{"line":51,"column":2},"end":{"line":51,"column":39}},"36":{"start":{"line":51,"column":24},"end":{"line":51,"column":37}},"37":{"start":{"line":54,"column":14},"end":{"line":54,"column":24}},"38":{"start":{"line":55,"column":16},"end":{"line":55,"column":25}},"39":{"start":{"line":56,"column":15},"end":{"line":56,"column":19}},"40":{"start":{"line":58,"column":2},"end":{"line":67,"column":3}},"41":{"start":{"line":59,"column":4},"end":{"line":61,"column":5}},"42":{"start":{"line":60,"column":6},"end":{"line":60,"column":73}},"43":{"start":{"line":60,"column":48},"end":{"line":60,"column":64}},"44":{"start":{"line":60,"column":65},"end":{"line":60,"column":71}},"45":{"start":{"line":62,"column":4},"end":{"line":62,"column":65}},"46":{"start":{"line":62,"column":38},"end":{"line":62,"column":65}},"47":{"start":{"line":64,"column":4},"end":{"line":66,"column":46}},"48":{"start":{"line":65,"column":6},"end":{"line":65,"column":53}},"49":{"start":{"line":66,"column":13},"end":{"line":66,"column":36}},"50":{"start":{"line":66,"column":37},"end":{"line":66,"column":44}},"51":{"start":{"line":68,"column":2},"end":{"line":68,"column":18}},"52":{"start":{"line":69,"column":2},"end":{"line":69,"column":32}},"53":{"start":{"line":70,"column":2},"end":{"line":70,"column":25}},"54":{"start":{"line":72,"column":24},"end":{"line":72,"column":46}},"55":{"start":{"line":72,"column":47},"end":{"line":72,"column":64}},"56":{"start":{"line":75,"column":2},"end":{"line":75,"column":39}},"57":{"start":{"line":75,"column":32},"end":{"line":75,"column":39}},"58":{"start":{"line":76,"column":15},"end":{"line":76,"column":47}},"59":{"start":{"line":76,"column":29},"end":{"line":76,"column":46}},"60":{"start":{"line":76,"column":49},"end":{"line":76,"column":117}},"61":{"start":{"line":76,"column":60},"end":{"line":76,"column":79}},"62":{"start":{"line":76,"column":80},"end":{"line":76,"column":107}},"63":{"start":{"line":76,"column":108},"end":{"line":76,"column":115}},"64":{"start":{"line":77,"column":15},"end":{"line":77,"column":42}},"65":{"start":{"line":77,"column":44},"end":{"line":77,"column":127}},"66":{"start":{"line":77,"column":55},"end":{"line":77,"column":74}},"67":{"start":{"line":77,"column":75},"end":{"line":77,"column":117}},"68":{"start":{"line":77,"column":118},"end":{"line":77,"column":125}},"69":{"start":{"line":79,"column":13},"end":{"line":79,"column":41}},"70":{"start":{"line":80,"column":2},"end":{"line":80,"column":61}},"71":{"start":{"line":80,"column":11},"end":{"line":80,"column":26}},"72":{"start":{"line":80,"column":27},"end":{"line":80,"column":59}},"73":{"start":{"line":82,"column":2},"end":{"line":90,"column":3}},"74":{"start":{"line":83,"column":18},"end":{"line":83,"column":51}},"75":{"start":{"line":83,"column":52},"end":{"line":83,"column":75}},"76":{"start":{"line":83,"column":76},"end":{"line":83,"column":82}},"77":{"start":{"line":84,"column":17},"end":{"line":84,"column":49}},"78":{"start":{"line":84,"column":50},"end":{"line":84,"column":56}},"79":{"start":{"line":85,"column":17},"end":{"line":85,"column":37}},"80":{"start":{"line":85,"column":38},"end":{"line":85,"column":44}},"81":{"start":{"line":86,"column":27},"end":{"line":86,"column":55}},"82":{"start":{"line":86,"column":56},"end":{"line":86,"column":62}},"83":{"start":{"line":87,"column":19},"end":{"line":87,"column":47}},"84":{"start":{"line":87,"column":48},"end":{"line":87,"column":54}},"85":{"start":{"line":88,"column":16},"end":{"line":88,"column":29}},"86":{"start":{"line":88,"column":30},"end":{"line":88,"column":36}},"87":{"start":{"line":89,"column":13},"end":{"line":89,"column":32}},"88":{"start":{"line":89,"column":33},"end":{"line":89,"column":77}},"89":{"start":{"line":93,"column":14},"end":{"line":93,"column":24}},"90":{"start":{"line":94,"column":14},"end":{"line":94,"column":74}},"91":{"start":{"line":94,"column":30},"end":{"line":94,"column":73}},"92":{"start":{"line":95,"column":2},"end":{"line":95,"column":104}},"93":{"start":{"line":95,"column":25},"end":{"line":95,"column":102}},"94":{"start":{"line":95,"column":31},"end":{"line":95,"column":51}},"95":{"start":{"line":95,"column":64},"end":{"line":95,"column":81}},"96":{"start":{"line":95,"column":82},"end":{"line":95,"column":100}},"97":{"start":{"line":96,"column":2},"end":{"line":96,"column":29}},"98":{"start":{"line":96,"column":18},"end":{"line":96,"column":29}},"99":{"start":{"line":98,"column":24},"end":{"line":98,"column":31}},"100":{"start":{"line":98,"column":32},"end":{"line":98,"column":56}},"101":{"start":{"line":101,"column":15},"end":{"line":101,"column":43}},"102":{"start":{"line":101,"column":29},"end":{"line":101,"column":42}},"103":{"start":{"line":101,"column":45},"end":{"line":101,"column":89}},"104":{"start":{"line":101,"column":55},"end":{"line":101,"column":89}},"105":{"start":{"line":102,"column":18},"end":{"line":106,"column":5}},"106":{"start":{"line":102,"column":35},"end":{"line":106,"column":3}},"107":{"start":{"line":107,"column":2},"end":{"line":107,"column":24}},"108":{"start":{"line":107,"column":25},"end":{"line":107,"column":36}},"109":{"start":{"line":107,"column":37},"end":{"line":107,"column":65}},"110":{"start":{"line":107,"column":59},"end":{"line":107,"column":63}},"111":{"start":{"line":110,"column":16},"end":{"line":110,"column":49}},"112":{"start":{"line":111,"column":2},"end":{"line":111,"column":45}},"113":{"start":{"line":113,"column":27},"end":{"line":113,"column":68}},"114":{"start":{"line":113,"column":49},"end":{"line":113,"column":66}},"115":{"start":{"line":115,"column":0},"end":{"line":115,"column":69}}},"fnMap":{"0":{"name":"load","decl":{"start":{"line":13,"column":9},"end":{"line":13,"column":13}},"loc":{"start":{"line":13,"column":16},"end":{"line":16,"column":1}},"line":13},"1":{"name":"saveRuns","decl":{"start":{"line":17,"column":9},"end":{"line":17,"column":17}},"loc":{"start":{"line":17,"column":20},"end":{"line":19,"column":1}},"line":17},"2":{"name":"renderTemplate","decl":{"start":{"line":20,"column":9},"end":{"line":20,"column":23}},"loc":{"start":{"line":20,"column":34},"end":{"line":22,"column":1}},"line":20},"3":{"name":"(anonymous_3)","decl":{"start":{"line":21,"column":50},"end":{"line":21,"column":51}},"loc":{"start":{"line":21,"column":60},"end":{"line":21,"column":72}},"line":21},"4":{"name":"findNode","decl":{"start":{"line":23,"column":9},"end":{"line":23,"column":17}},"loc":{"start":{"line":23,"column":28},"end":{"line":23,"column":69}},"line":23},"5":{"name":"(anonymous_5)","decl":{"start":{"line":23,"column":53},"end":{"line":23,"column":54}},"loc":{"start":{"line":23,"column":56},"end":{"line":23,"column":65}},"line":23},"6":{"name":"stepSend","decl":{"start":{"line":25,"column":15},"end":{"line":25,"column":23}},"loc":{"start":{"line":25,"column":42},"end":{"line":34,"column":1}},"line":25},"7":{"name":"stepWait","decl":{"start":{"line":35,"column":9},"end":{"line":35,"column":17}},"loc":{"start":{"line":35,"column":29},"end":{"line":39,"column":1}},"line":35},"8":{"name":"stepWaitForReply","decl":{"start":{"line":40,"column":9},"end":{"line":40,"column":25}},"loc":{"start":{"line":40,"column":37},"end":{"line":45,"column":1}},"line":40},"9":{"name":"evalBranchExpr","decl":{"start":{"line":46,"column":9},"end":{"line":46,"column":23}},"loc":{"start":{"line":46,"column":41},"end":{"line":52,"column":1}},"line":46},"10":{"name":"(anonymous_10)","decl":{"start":{"line":49,"column":36},"end":{"line":49,"column":37}},"loc":{"start":{"line":49,"column":39},"end":{"line":49,"column":61}},"line":49},"11":{"name":"(anonymous_11)","decl":{"start":{"line":51,"column":20},"end":{"line":51,"column":21}},"loc":{"start":{"line":51,"column":24},"end":{"line":51,"column":37}},"line":51},"12":{"name":"stepBranch","decl":{"start":{"line":53,"column":9},"end":{"line":53,"column":19}},"loc":{"start":{"line":53,"column":37},"end":{"line":71,"column":1}},"line":53},"13":{"name":"stepEnd","decl":{"start":{"line":72,"column":9},"end":{"line":72,"column":16}},"loc":{"start":{"line":72,"column":22},"end":{"line":72,"column":66}},"line":72},"14":{"name":"processRun","decl":{"start":{"line":74,"column":15},"end":{"line":74,"column":25}},"loc":{"start":{"line":74,"column":31},"end":{"line":91,"column":1}},"line":74},"15":{"name":"(anonymous_15)","decl":{"start":{"line":76,"column":26},"end":{"line":76,"column":27}},"loc":{"start":{"line":76,"column":29},"end":{"line":76,"column":46}},"line":76},"16":{"name":"tick","decl":{"start":{"line":92,"column":15},"end":{"line":92,"column":19}},"loc":{"start":{"line":92,"column":22},"end":{"line":97,"column":1}},"line":92},"17":{"name":"(anonymous_17)","decl":{"start":{"line":94,"column":26},"end":{"line":94,"column":27}},"loc":{"start":{"line":94,"column":30},"end":{"line":94,"column":73}},"line":94},"18":{"name":"startEngine","decl":{"start":{"line":98,"column":9},"end":{"line":98,"column":20}},"loc":{"start":{"line":98,"column":22},"end":{"line":98,"column":58}},"line":98},"19":{"name":"startFlow","decl":{"start":{"line":100,"column":9},"end":{"line":100,"column":18}},"loc":{"start":{"line":100,"column":56},"end":{"line":108,"column":1}},"line":100},"20":{"name":"(anonymous_20)","decl":{"start":{"line":101,"column":26},"end":{"line":101,"column":27}},"loc":{"start":{"line":101,"column":29},"end":{"line":101,"column":42}},"line":101},"21":{"name":"(anonymous_21)","decl":{"start":{"line":102,"column":31},"end":{"line":102,"column":32}},"loc":{"start":{"line":102,"column":35},"end":{"line":106,"column":3}},"line":102},"22":{"name":"(anonymous_22)","decl":{"start":{"line":107,"column":56},"end":{"line":107,"column":57}},"loc":{"start":{"line":107,"column":59},"end":{"line":107,"column":63}},"line":107},"23":{"name":"registerReply","decl":{"start":{"line":109,"column":9},"end":{"line":109,"column":22}},"loc":{"start":{"line":109,"column":38},"end":{"line":112,"column":1}},"line":109},"24":{"name":"listRuns","decl":{"start":{"line":113,"column":9},"end":{"line":113,"column":17}},"loc":{"start":{"line":113,"column":25},"end":{"line":113,"column":70}},"line":113},"25":{"name":"(anonymous_25)","decl":{"start":{"line":113,"column":46},"end":{"line":113,"column":47}},"loc":{"start":{"line":113,"column":49},"end":{"line":113,"column":66}},"line":113}},"branchMap":{"0":{"loc":{"start":{"line":15,"column":9},"end":{"line":15,"column":87}},"type":"cond-expr","locations":[{"start":{"line":15,"column":36},"end":{"line":15,"column":82}},{"start":{"line":15,"column":85},"end":{"line":15,"column":87}}],"line":15},"1":{"loc":{"start":{"line":21,"column":10},"end":{"line":21,"column":17}},"type":"binary-expr","locations":[{"start":{"line":21,"column":10},"end":{"line":21,"column":13}},{"start":{"line":21,"column":15},"end":{"line":21,"column":17}}],"line":21},"2":{"loc":{"start":{"line":21,"column":60},"end":{"line":21,"column":72}},"type":"binary-expr","locations":[{"start":{"line":21,"column":60},"end":{"line":21,"column":66}},{"start":{"line":21,"column":70},"end":{"line":21,"column":72}}],"line":21},"3":{"loc":{"start":{"line":28,"column":13},"end":{"line":28,"column":54}},"type":"binary-expr","locations":[{"start":{"line":28,"column":13},"end":{"line":28,"column":25}},{"start":{"line":28,"column":29},"end":{"line":28,"column":40}},{"start":{"line":28,"column":44},"end":{"line":28,"column":54}}],"line":28},"4":{"loc":{"start":{"line":47,"column":2},"end":{"line":47,"column":31}},"type":"if","locations":[{"start":{"line":47,"column":2},"end":{"line":47,"column":31}},{"start":{},"end":{}}],"line":47},"5":{"loc":{"start":{"line":48,"column":44},"end":{"line":48,"column":65}},"type":"if","locations":[{"start":{"line":48,"column":44},"end":{"line":48,"column":65}},{"start":{},"end":{}}],"line":48},"6":{"loc":{"start":{"line":58,"column":2},"end":{"line":67,"column":3}},"type":"if","locations":[{"start":{"line":58,"column":2},"end":{"line":67,"column":3}},{"start":{"line":63,"column":9},"end":{"line":67,"column":3}}],"line":58},"7":{"loc":{"start":{"line":58,"column":6},"end":{"line":58,"column":56}},"type":"binary-expr","locations":[{"start":{"line":58,"column":6},"end":{"line":58,"column":11}},{"start":{"line":58,"column":16},"end":{"line":58,"column":25}},{"start":{"line":58,"column":29},"end":{"line":58,"column":55}}],"line":58},"8":{"loc":{"start":{"line":59,"column":21},"end":{"line":59,"column":40}},"type":"binary-expr","locations":[{"start":{"line":59,"column":21},"end":{"line":59,"column":36}},{"start":{"line":59,"column":38},"end":{"line":59,"column":40}}],"line":59},"9":{"loc":{"start":{"line":60,"column":6},"end":{"line":60,"column":73}},"type":"if","locations":[{"start":{"line":60,"column":6},"end":{"line":60,"column":73}},{"start":{},"end":{}}],"line":60},"10":{"loc":{"start":{"line":62,"column":4},"end":{"line":62,"column":65}},"type":"if","locations":[{"start":{"line":62,"column":4},"end":{"line":62,"column":65}},{"start":{},"end":{}}],"line":62},"11":{"loc":{"start":{"line":62,"column":8},"end":{"line":62,"column":36}},"type":"binary-expr","locations":[{"start":{"line":62,"column":8},"end":{"line":62,"column":15}},{"start":{"line":62,"column":19},"end":{"line":62,"column":36}}],"line":62},"12":{"loc":{"start":{"line":64,"column":4},"end":{"line":66,"column":46}},"type":"if","locations":[{"start":{"line":64,"column":4},"end":{"line":66,"column":46}},{"start":{"line":66,"column":11},"end":{"line":66,"column":46}}],"line":64},"13":{"loc":{"start":{"line":64,"column":8},"end":{"line":64,"column":40}},"type":"binary-expr","locations":[{"start":{"line":64,"column":8},"end":{"line":64,"column":16}},{"start":{"line":64,"column":20},"end":{"line":64,"column":40}}],"line":64},"14":{"loc":{"start":{"line":65,"column":15},"end":{"line":65,"column":52}},"type":"binary-expr","locations":[{"start":{"line":65,"column":15},"end":{"line":65,"column":31}},{"start":{"line":65,"column":35},"end":{"line":65,"column":52}}],"line":65},"15":{"loc":{"start":{"line":69,"column":16},"end":{"line":69,"column":31}},"type":"binary-expr","locations":[{"start":{"line":69,"column":16},"end":{"line":69,"column":22}},{"start":{"line":69,"column":26},"end":{"line":69,"column":31}}],"line":69},"16":{"loc":{"start":{"line":75,"column":2},"end":{"line":75,"column":39}},"type":"if","locations":[{"start":{"line":75,"column":2},"end":{"line":75,"column":39}},{"start":{},"end":{}}],"line":75},"17":{"loc":{"start":{"line":76,"column":49},"end":{"line":76,"column":117}},"type":"if","locations":[{"start":{"line":76,"column":49},"end":{"line":76,"column":117}},{"start":{},"end":{}}],"line":76},"18":{"loc":{"start":{"line":77,"column":44},"end":{"line":77,"column":127}},"type":"if","locations":[{"start":{"line":77,"column":44},"end":{"line":77,"column":127}},{"start":{},"end":{}}],"line":77},"19":{"loc":{"start":{"line":80,"column":2},"end":{"line":80,"column":61}},"type":"if","locations":[{"start":{"line":80,"column":2},"end":{"line":80,"column":61}},{"start":{},"end":{}}],"line":80},"20":{"loc":{"start":{"line":82,"column":2},"end":{"line":90,"column":3}},"type":"switch","locations":[{"start":{"line":83,"column":4},"end":{"line":83,"column":82}},{"start":{"line":84,"column":4},"end":{"line":84,"column":56}},{"start":{"line":85,"column":4},"end":{"line":85,"column":44}},{"start":{"line":86,"column":4},"end":{"line":86,"column":62}},{"start":{"line":87,"column":4},"end":{"line":87,"column":54}},{"start":{"line":88,"column":4},"end":{"line":88,"column":36}},{"start":{"line":89,"column":4},"end":{"line":89,"column":77}}],"line":82},"21":{"loc":{"start":{"line":83,"column":32},"end":{"line":83,"column":50}},"type":"binary-expr","locations":[{"start":{"line":83,"column":32},"end":{"line":83,"column":41}},{"start":{"line":83,"column":45},"end":{"line":83,"column":50}}],"line":83},"22":{"loc":{"start":{"line":94,"column":30},"end":{"line":94,"column":73}},"type":"binary-expr","locations":[{"start":{"line":94,"column":30},"end":{"line":94,"column":50}},{"start":{"line":94,"column":54},"end":{"line":94,"column":73}}],"line":94},"23":{"loc":{"start":{"line":94,"column":55},"end":{"line":94,"column":65}},"type":"binary-expr","locations":[{"start":{"line":94,"column":55},"end":{"line":94,"column":62}},{"start":{"line":94,"column":64},"end":{"line":94,"column":65}}],"line":94},"24":{"loc":{"start":{"line":96,"column":2},"end":{"line":96,"column":29}},"type":"if","locations":[{"start":{"line":96,"column":2},"end":{"line":96,"column":29}},{"start":{},"end":{}}],"line":96},"25":{"loc":{"start":{"line":100,"column":37},"end":{"line":100,"column":55}},"type":"default-arg","locations":[{"start":{"line":100,"column":45},"end":{"line":100,"column":55}}],"line":100},"26":{"loc":{"start":{"line":101,"column":45},"end":{"line":101,"column":89}},"type":"if","locations":[{"start":{"line":101,"column":45},"end":{"line":101,"column":89}},{"start":{},"end":{}}],"line":101}},"s":{"0":0,"1":0,"2":0,"3":0,"4":0,"5":0,"6":0,"7":0,"8":0,"9":0,"10":0,"11":0,"12":0,"13":0,"14":0,"15":0,"16":0,"17":0,"18":0,"19":0,"20":0,"21":0,"22":0,"23":0,"24":0,"25":0,"26":0,"27":0,"28":0,"29":0,"30":0,"31":0,"32":0,"33":0,"34":0,"35":0,"36":0,"37":0,"38":0,"39":0,"40":0,"41":0,"42":0,"43":0,"44":0,"45":0,"46":0,"47":0,"48":0,"49":0,"50":0,"51":0,"52":0,"53":0,"54":0,"55":0,"56":0,"57":0,"58":0,"59":0,"60":0,"61":0,"62":0,"63":0,"64":0,"65":0,"66":0,"67":0,"68":0,"69":0,"70":0,"71":0,"72":0,"73":0,"74":0,"75":0,"76":0,"77":0,"78":0,"79":0,"80":0,"81":0,"82":0,"83":0,"84":0,"85":0,"86":0,"87":0,"88":0,"89":0,"90":0,"91":0,"92":0,"93":0,"94":0,"95":0,"96":0,"97":0,"98":0,"99":0,"100":0,"101":0,"102":0,"103":0,"104":0,"105":0,"106":0,"107":0,"108":0,"109":0,"110":0,"111":0,"112":0,"113":0,"114":0,"115":0},"f":{"0":0,"1":0,"2":0,"3":0,"4":0,"5":0,"6":0,"7":0,"8":0,"9":0,"10":0,"11":0,"12":0,"13":0,"14":0,"15":0,"16":0,"17":0,"18":0,"19":0,"20":0,"21":0,"22":0,"23":0,"24":0,"25":0},"b":{"0":[0,0],"1":[0,0],"2":[0,0],"3":[0,0,0],"4":[0,0],"5":[0,0],"6":[0,0],"7":[0,0,0],"8":[0,0],"9":[0,0],"10":[0,0],"11":[0,0],"12":[0,0],"13":[0,0],"14":[0,0],"15":[0,0],"16":[0,0],"17":[0,0],"18":[0,0],"19":[0,0],"20":[0,0,0,0,0,0,0],"21":[0,0],"22":[0,0],"23":[0,0],"24":[0,0],"25":[0],"26":[0,0]}}
,"/Users/gustsantos/Desktop/initucastt_old/backend/src/middleware/auth.js": {"path":"/Users/gustsantos/Desktop/initucastt_old/backend/src/middleware/auth.js","statementMap":{"0":{"start":{"line":1,"column":12},"end":{"line":1,"column":35}},"1":{"start":{"line":2,"column":15},"end":{"line":2,"column":41}},"2":{"start":{"line":4,"column":19},"end":{"line":4,"column":87}},"3":{"start":{"line":5,"column":23},"end":{"line":5,"column":58}},"4":{"start":{"line":12,"column":21},"end":{"line":12,"column":49}},"5":{"start":{"line":13,"column":16},"end":{"line":13,"column":54}},"6":{"start":{"line":15,"column":2},"end":{"line":22,"column":3}},"7":{"start":{"line":16,"column":4},"end":{"line":20,"column":7}},"8":{"start":{"line":21,"column":4},"end":{"line":21,"column":68}},"9":{"start":{"line":24,"column":2},"end":{"line":37,"column":5}},"10":{"start":{"line":25,"column":4},"end":{"line":32,"column":5}},"11":{"start":{"line":26,"column":6},"end":{"line":30,"column":9}},"12":{"start":{"line":31,"column":6},"end":{"line":31,"column":73}},"13":{"start":{"line":34,"column":4},"end":{"line":34,"column":20}},"14":{"start":{"line":35,"column":4},"end":{"line":35,"column":79}},"15":{"start":{"line":36,"column":4},"end":{"line":36,"column":11}},"16":{"start":{"line":45,"column":21},"end":{"line":45,"column":49}},"17":{"start":{"line":46,"column":16},"end":{"line":46,"column":54}},"18":{"start":{"line":48,"column":2},"end":{"line":50,"column":3}},"19":{"start":{"line":49,"column":4},"end":{"line":49,"column":18}},"20":{"start":{"line":52,"column":2},"end":{"line":57,"column":5}},"21":{"start":{"line":53,"column":4},"end":{"line":55,"column":5}},"22":{"start":{"line":54,"column":6},"end":{"line":54,"column":22}},"23":{"start":{"line":56,"column":4},"end":{"line":56,"column":11}},"24":{"start":{"line":66,"column":2},"end":{"line":68,"column":3}},"25":{"start":{"line":67,"column":4},"end":{"line":67,"column":51}},"26":{"start":{"line":70,"column":2},"end":{"line":78,"column":4}},"27":{"start":{"line":87,"column":2},"end":{"line":92,"column":3}},"28":{"start":{"line":88,"column":4},"end":{"line":88,"column":41}},"29":{"start":{"line":90,"column":4},"end":{"line":90,"column":69}},"30":{"start":{"line":91,"column":4},"end":{"line":91,"column":16}},"31":{"start":{"line":95,"column":0},"end":{"line":100,"column":2}}},"fnMap":{"0":{"name":"authenticateToken","decl":{"start":{"line":11,"column":9},"end":{"line":11,"column":26}},"loc":{"start":{"line":11,"column":43},"end":{"line":38,"column":1}},"line":11},"1":{"name":"(anonymous_1)","decl":{"start":{"line":24,"column":32},"end":{"line":24,"column":33}},"loc":{"start":{"line":24,"column":47},"end":{"line":37,"column":3}},"line":24},"2":{"name":"optionalAuth","decl":{"start":{"line":44,"column":9},"end":{"line":44,"column":21}},"loc":{"start":{"line":44,"column":38},"end":{"line":58,"column":1}},"line":44},"3":{"name":"(anonymous_3)","decl":{"start":{"line":52,"column":32},"end":{"line":52,"column":33}},"loc":{"start":{"line":52,"column":47},"end":{"line":57,"column":3}},"line":52},"4":{"name":"generateToken","decl":{"start":{"line":65,"column":9},"end":{"line":65,"column":22}},"loc":{"start":{"line":65,"column":29},"end":{"line":79,"column":1}},"line":65},"5":{"name":"verifyToken","decl":{"start":{"line":86,"column":9},"end":{"line":86,"column":20}},"loc":{"start":{"line":86,"column":28},"end":{"line":93,"column":1}},"line":86}},"branchMap":{"0":{"loc":{"start":{"line":4,"column":19},"end":{"line":4,"column":87}},"type":"binary-expr","locations":[{"start":{"line":4,"column":19},"end":{"line":4,"column":41}},{"start":{"line":4,"column":45},"end":{"line":4,"column":87}}],"line":4},"1":{"loc":{"start":{"line":5,"column":23},"end":{"line":5,"column":58}},"type":"binary-expr","locations":[{"start":{"line":5,"column":23},"end":{"line":5,"column":49}},{"start":{"line":5,"column":53},"end":{"line":5,"column":58}}],"line":5},"2":{"loc":{"start":{"line":13,"column":16},"end":{"line":13,"column":54}},"type":"binary-expr","locations":[{"start":{"line":13,"column":16},"end":{"line":13,"column":26}},{"start":{"line":13,"column":30},"end":{"line":13,"column":54}}],"line":13},"3":{"loc":{"start":{"line":15,"column":2},"end":{"line":22,"column":3}},"type":"if","locations":[{"start":{"line":15,"column":2},"end":{"line":22,"column":3}},{"start":{},"end":{}}],"line":15},"4":{"loc":{"start":{"line":25,"column":4},"end":{"line":32,"column":5}},"type":"if","locations":[{"start":{"line":25,"column":4},"end":{"line":32,"column":5}},{"start":{},"end":{}}],"line":25},"5":{"loc":{"start":{"line":46,"column":16},"end":{"line":46,"column":54}},"type":"binary-expr","locations":[{"start":{"line":46,"column":16},"end":{"line":46,"column":26}},{"start":{"line":46,"column":30},"end":{"line":46,"column":54}}],"line":46},"6":{"loc":{"start":{"line":48,"column":2},"end":{"line":50,"column":3}},"type":"if","locations":[{"start":{"line":48,"column":2},"end":{"line":50,"column":3}},{"start":{},"end":{}}],"line":48},"7":{"loc":{"start":{"line":53,"column":4},"end":{"line":55,"column":5}},"type":"if","locations":[{"start":{"line":53,"column":4},"end":{"line":55,"column":5}},{"start":{},"end":{}}],"line":53},"8":{"loc":{"start":{"line":66,"column":2},"end":{"line":68,"column":3}},"type":"if","locations":[{"start":{"line":66,"column":2},"end":{"line":68,"column":3}},{"start":{},"end":{}}],"line":66},"9":{"loc":{"start":{"line":66,"column":6},"end":{"line":66,"column":29}},"type":"binary-expr","locations":[{"start":{"line":66,"column":6},"end":{"line":66,"column":14}},{"start":{"line":66,"column":18},"end":{"line":66,"column":29}}],"line":66},"10":{"loc":{"start":{"line":74,"column":12},"end":{"line":74,"column":31}},"type":"binary-expr","locations":[{"start":{"line":74,"column":12},"end":{"line":74,"column":21}},{"start":{"line":74,"column":25},"end":{"line":74,"column":31}}],"line":74}},"s":{"0":0,"1":0,"2":0,"3":0,"4":0,"5":0,"6":0,"7":0,"8":0,"9":0,"10":0,"11":0,"12":0,"13":0,"14":0,"15":0,"16":0,"17":0,"18":0,"19":0,"20":0,"21":0,"22":0,"23":0,"24":0,"25":0,"26":0,"27":0,"28":0,"29":0,"30":0,"31":0},"f":{"0":0,"1":0,"2":0,"3":0,"4":0,"5":0},"b":{"0":[0,0],"1":[0,0],"2":[0,0],"3":[0,0],"4":[0,0],"5":[0,0],"6":[0,0],"7":[0,0],"8":[0,0],"9":[0,0],"10":[0,0]}}
,"/Users/gustsantos/Desktop/initucastt_old/backend/src/middleware/errorHandler.js": {"path":"/Users/gustsantos/Desktop/initucastt_old/backend/src/middleware/errorHandler.js","statementMap":{"0":{"start":{"line":1,"column":15},"end":{"line":1,"column":41}},"1":{"start":{"line":9,"column":2},"end":{"line":17,"column":5}},"2":{"start":{"line":20,"column":16},"end":{"line":20,"column":53}},"3":{"start":{"line":23,"column":15},"end":{"line":23,"column":50}},"4":{"start":{"line":24,"column":16},"end":{"line":24,"column":54}},"5":{"start":{"line":25,"column":16},"end":{"line":25,"column":20}},"6":{"start":{"line":28,"column":2},"end":{"line":47,"column":3}},"7":{"start":{"line":29,"column":4},"end":{"line":29,"column":17}},"8":{"start":{"line":30,"column":4},"end":{"line":30,"column":34}},"9":{"start":{"line":31,"column":4},"end":{"line":31,"column":26}},"10":{"start":{"line":32,"column":9},"end":{"line":47,"column":3}},"11":{"start":{"line":33,"column":4},"end":{"line":33,"column":17}},"12":{"start":{"line":34,"column":4},"end":{"line":34,"column":29}},"13":{"start":{"line":35,"column":9},"end":{"line":47,"column":3}},"14":{"start":{"line":36,"column":4},"end":{"line":36,"column":17}},"15":{"start":{"line":37,"column":4},"end":{"line":37,"column":26}},"16":{"start":{"line":38,"column":9},"end":{"line":47,"column":3}},"17":{"start":{"line":39,"column":4},"end":{"line":39,"column":17}},"18":{"start":{"line":40,"column":4},"end":{"line":40,"column":35}},"19":{"start":{"line":41,"column":9},"end":{"line":47,"column":3}},"20":{"start":{"line":42,"column":4},"end":{"line":42,"column":17}},"21":{"start":{"line":43,"column":4},"end":{"line":43,"column":34}},"22":{"start":{"line":44,"column":9},"end":{"line":47,"column":3}},"23":{"start":{"line":45,"column":4},"end":{"line":45,"column":17}},"24":{"start":{"line":46,"column":4},"end":{"line":46,"column":34}},"25":{"start":{"line":50,"column":2},"end":{"line":69,"column":3}},"26":{"start":{"line":51,"column":4},"end":{"line":68,"column":5}},"27":{"start":{"line":53,"column":8},"end":{"line":53,"column":21}},"28":{"start":{"line":54,"column":8},"end":{"line":54,"column":36}},"29":{"start":{"line":55,"column":8},"end":{"line":55,"column":67}},"30":{"start":{"line":56,"column":8},"end":{"line":56,"column":14}},"31":{"start":{"line":58,"column":8},"end":{"line":58,"column":21}},"32":{"start":{"line":59,"column":8},"end":{"line":59,"column":39}},"33":{"start":{"line":60,"column":8},"end":{"line":60,"column":14}},"34":{"start":{"line":62,"column":8},"end":{"line":62,"column":21}},"35":{"start":{"line":63,"column":8},"end":{"line":63,"column":50}},"36":{"start":{"line":64,"column":8},"end":{"line":64,"column":14}},"37":{"start":{"line":66,"column":8},"end":{"line":66,"column":21}},"38":{"start":{"line":67,"column":8},"end":{"line":67,"column":57}},"39":{"start":{"line":72,"column":2},"end":{"line":80,"column":3}},"40":{"start":{"line":73,"column":4},"end":{"line":73,"column":17}},"41":{"start":{"line":74,"column":4},"end":{"line":74,"column":81}},"42":{"start":{"line":75,"column":4},"end":{"line":79,"column":7}},"43":{"start":{"line":83,"column":2},"end":{"line":86,"column":3}},"44":{"start":{"line":84,"column":4},"end":{"line":84,"column":17}},"45":{"start":{"line":85,"column":4},"end":{"line":85,"column":55}},"46":{"start":{"line":89,"column":19},"end":{"line":91,"column":3}},"47":{"start":{"line":93,"column":2},"end":{"line":95,"column":3}},"48":{"start":{"line":94,"column":4},"end":{"line":94,"column":31}},"49":{"start":{"line":97,"column":2},"end":{"line":100,"column":3}},"50":{"start":{"line":98,"column":4},"end":{"line":98,"column":31}},"51":{"start":{"line":99,"column":4},"end":{"line":99,"column":36}},"52":{"start":{"line":102,"column":2},"end":{"line":102,"column":36}},"53":{"start":{"line":109,"column":2},"end":{"line":113,"column":5}},"54":{"start":{"line":115,"column":2},"end":{"line":118,"column":5}},"55":{"start":{"line":128,"column":2},"end":{"line":130,"column":4}},"56":{"start":{"line":129,"column":4},"end":{"line":129,"column":52}},"57":{"start":{"line":133,"column":0},"end":{"line":137,"column":2}}},"fnMap":{"0":{"name":"errorHandler","decl":{"start":{"line":7,"column":9},"end":{"line":7,"column":21}},"loc":{"start":{"line":7,"column":43},"end":{"line":103,"column":1}},"line":7},"1":{"name":"notFoundHandler","decl":{"start":{"line":108,"column":9},"end":{"line":108,"column":24}},"loc":{"start":{"line":108,"column":35},"end":{"line":119,"column":1}},"line":108},"2":{"name":"asyncHandler","decl":{"start":{"line":127,"column":9},"end":{"line":127,"column":21}},"loc":{"start":{"line":127,"column":26},"end":{"line":131,"column":1}},"line":127},"3":{"name":"(anonymous_3)","decl":{"start":{"line":128,"column":9},"end":{"line":128,"column":10}},"loc":{"start":{"line":128,"column":29},"end":{"line":130,"column":3}},"line":128}},"branchMap":{"0":{"loc":{"start":{"line":23,"column":15},"end":{"line":23,"column":50}},"type":"binary-expr","locations":[{"start":{"line":23,"column":15},"end":{"line":23,"column":25}},{"start":{"line":23,"column":29},"end":{"line":23,"column":43}},{"start":{"line":23,"column":47},"end":{"line":23,"column":50}}],"line":23},"1":{"loc":{"start":{"line":24,"column":16},"end":{"line":24,"column":54}},"type":"binary-expr","locations":[{"start":{"line":24,"column":16},"end":{"line":24,"column":27}},{"start":{"line":24,"column":31},"end":{"line":24,"column":54}}],"line":24},"2":{"loc":{"start":{"line":28,"column":2},"end":{"line":47,"column":3}},"type":"if","locations":[{"start":{"line":28,"column":2},"end":{"line":47,"column":3}},{"start":{"line":32,"column":9},"end":{"line":47,"column":3}}],"line":28},"3":{"loc":{"start":{"line":32,"column":9},"end":{"line":47,"column":3}},"type":"if","locations":[{"start":{"line":32,"column":9},"end":{"line":47,"column":3}},{"start":{"line":35,"column":9},"end":{"line":47,"column":3}}],"line":32},"4":{"loc":{"start":{"line":32,"column":13},"end":{"line":32,"column":81}},"type":"binary-expr","locations":[{"start":{"line":32,"column":13},"end":{"line":32,"column":45}},{"start":{"line":32,"column":49},"end":{"line":32,"column":81}}],"line":32},"5":{"loc":{"start":{"line":35,"column":9},"end":{"line":47,"column":3}},"type":"if","locations":[{"start":{"line":35,"column":9},"end":{"line":47,"column":3}},{"start":{"line":38,"column":9},"end":{"line":47,"column":3}}],"line":35},"6":{"loc":{"start":{"line":38,"column":9},"end":{"line":47,"column":3}},"type":"if","locations":[{"start":{"line":38,"column":9},"end":{"line":47,"column":3}},{"start":{"line":41,"column":9},"end":{"line":47,"column":3}}],"line":38},"7":{"loc":{"start":{"line":41,"column":9},"end":{"line":47,"column":3}},"type":"if","locations":[{"start":{"line":41,"column":9},"end":{"line":47,"column":3}},{"start":{"line":44,"column":9},"end":{"line":47,"column":3}}],"line":41},"8":{"loc":{"start":{"line":44,"column":9},"end":{"line":47,"column":3}},"type":"if","locations":[{"start":{"line":44,"column":9},"end":{"line":47,"column":3}},{"start":{},"end":{}}],"line":44},"9":{"loc":{"start":{"line":50,"column":2},"end":{"line":69,"column":3}},"type":"if","locations":[{"start":{"line":50,"column":2},"end":{"line":69,"column":3}},{"start":{},"end":{}}],"line":50},"10":{"loc":{"start":{"line":51,"column":4},"end":{"line":68,"column":5}},"type":"switch","locations":[{"start":{"line":52,"column":6},"end":{"line":56,"column":14}},{"start":{"line":57,"column":6},"end":{"line":60,"column":14}},{"start":{"line":61,"column":6},"end":{"line":64,"column":14}},{"start":{"line":65,"column":6},"end":{"line":67,"column":57}}],"line":51},"11":{"loc":{"start":{"line":67,"column":18},"end":{"line":67,"column":56}},"type":"cond-expr","locations":[{"start":{"line":67,"column":26},"end":{"line":67,"column":37}},{"start":{"line":67,"column":40},"end":{"line":67,"column":56}}],"line":67},"12":{"loc":{"start":{"line":72,"column":2},"end":{"line":80,"column":3}},"type":"if","locations":[{"start":{"line":72,"column":2},"end":{"line":80,"column":3}},{"start":{},"end":{}}],"line":72},"13":{"loc":{"start":{"line":72,"column":6},"end":{"line":72,"column":55}},"type":"binary-expr","locations":[{"start":{"line":72,"column":6},"end":{"line":72,"column":14}},{"start":{"line":72,"column":18},"end":{"line":72,"column":35}},{"start":{"line":72,"column":39},"end":{"line":72,"column":55}}],"line":72},"14":{"loc":{"start":{"line":74,"column":14},"end":{"line":74,"column":80}},"type":"cond-expr","locations":[{"start":{"line":74,"column":22},"end":{"line":74,"column":52}},{"start":{"line":74,"column":55},"end":{"line":74,"column":80}}],"line":74},"15":{"loc":{"start":{"line":83,"column":2},"end":{"line":86,"column":3}},"type":"if","locations":[{"start":{"line":83,"column":2},"end":{"line":86,"column":3}},{"start":{},"end":{}}],"line":83},"16":{"loc":{"start":{"line":83,"column":6},"end":{"line":83,"column":67}},"type":"binary-expr","locations":[{"start":{"line":83,"column":6},"end":{"line":83,"column":32}},{"start":{"line":83,"column":36},"end":{"line":83,"column":67}}],"line":83},"17":{"loc":{"start":{"line":85,"column":14},"end":{"line":85,"column":54}},"type":"cond-expr","locations":[{"start":{"line":85,"column":22},"end":{"line":85,"column":33}},{"start":{"line":85,"column":36},"end":{"line":85,"column":54}}],"line":85},"18":{"loc":{"start":{"line":93,"column":2},"end":{"line":95,"column":3}},"type":"if","locations":[{"start":{"line":93,"column":2},"end":{"line":95,"column":3}},{"start":{},"end":{}}],"line":93},"19":{"loc":{"start":{"line":97,"column":2},"end":{"line":100,"column":3}},"type":"if","locations":[{"start":{"line":97,"column":2},"end":{"line":100,"column":3}},{"start":{},"end":{}}],"line":97},"20":{"loc":{"start":{"line":97,"column":6},"end":{"line":97,"column":29}},"type":"binary-expr","locations":[{"start":{"line":97,"column":6},"end":{"line":97,"column":11}},{"start":{"line":97,"column":15},"end":{"line":97,"column":29}}],"line":97}},"s":{"0":2,"1":0,"2":0,"3":0,"4":0,"5":0,"6":0,"7":0,"8":0,"9":0,"10":0,"11":0,"12":0,"13":0,"14":0,"15":0,"16":0,"17":0,"18":0,"19":0,"20":0,"21":0,"22":0,"23":0,"24":0,"25":0,"26":0,"27":0,"28":0,"29":0,"30":0,"31":0,"32":0,"33":0,"34":0,"35":0,"36":0,"37":0,"38":0,"39":0,"40":0,"41":0,"42":0,"43":0,"44":0,"45":0,"46":0,"47":0,"48":0,"49":0,"50":0,"51":0,"52":0,"53":0,"54":0,"55":34,"56":0,"57":2},"f":{"0":0,"1":0,"2":34,"3":0},"b":{"0":[0,0,0],"1":[0,0],"2":[0,0],"3":[0,0],"4":[0,0],"5":[0,0],"6":[0,0],"7":[0,0],"8":[0,0],"9":[0,0],"10":[0,0,0,0],"11":[0,0],"12":[0,0],"13":[0,0,0],"14":[0,0],"15":[0,0],"16":[0,0],"17":[0,0],"18":[0,0],"19":[0,0],"20":[0,0]},"_coverageSchema":"1a1c01bbd47fc00a2c39e90264f33305004495a9","hash":"90e314f78a640350433eb17cd34ff8694e07837a"}
,"/Users/gustsantos/Desktop/initucastt_old/backend/src/middleware/rateLimiter.js": {"path":"/Users/gustsantos/Desktop/initucastt_old/backend/src/middleware/rateLimiter.js","statementMap":{"0":{"start":{"line":1,"column":18},"end":{"line":1,"column":47}},"1":{"start":{"line":2,"column":15},"end":{"line":2,"column":41}},"2":{"start":{"line":8,"column":19},"end":{"line":30,"column":2}},"3":{"start":{"line":15,"column":4},"end":{"line":19,"column":7}},"4":{"start":{"line":20,"column":4},"end":{"line":24,"column":7}},"5":{"start":{"line":28,"column":4},"end":{"line":28,"column":34}},"6":{"start":{"line":37,"column":23},"end":{"line":48,"column":2}},"7":{"start":{"line":42,"column":4},"end":{"line":45,"column":7}},"8":{"start":{"line":46,"column":4},"end":{"line":46,"column":48}},"9":{"start":{"line":54,"column":22},"end":{"line":69,"column":2}},"10":{"start":{"line":59,"column":4},"end":{"line":63,"column":7}},"11":{"start":{"line":64,"column":4},"end":{"line":67,"column":7}},"12":{"start":{"line":76,"column":20},"end":{"line":90,"column":2}},"13":{"start":{"line":81,"column":4},"end":{"line":84,"column":7}},"14":{"start":{"line":85,"column":4},"end":{"line":88,"column":7}},"15":{"start":{"line":98,"column":25},"end":{"line":113,"column":3}},"16":{"start":{"line":104,"column":6},"end":{"line":107,"column":9}},"17":{"start":{"line":108,"column":6},"end":{"line":111,"column":9}},"18":{"start":{"line":115,"column":2},"end":{"line":115,"column":54}},"19":{"start":{"line":118,"column":0},"end":{"line":124,"column":2}}},"fnMap":{"0":{"name":"(anonymous_0)","decl":{"start":{"line":14,"column":11},"end":{"line":14,"column":12}},"loc":{"start":{"line":14,"column":25},"end":{"line":25,"column":3}},"line":14},"1":{"name":"(anonymous_1)","decl":{"start":{"line":26,"column":8},"end":{"line":26,"column":9}},"loc":{"start":{"line":26,"column":17},"end":{"line":29,"column":3}},"line":26},"2":{"name":"(anonymous_2)","decl":{"start":{"line":41,"column":11},"end":{"line":41,"column":12}},"loc":{"start":{"line":41,"column":25},"end":{"line":47,"column":3}},"line":41},"3":{"name":"(anonymous_3)","decl":{"start":{"line":58,"column":11},"end":{"line":58,"column":12}},"loc":{"start":{"line":58,"column":25},"end":{"line":68,"column":3}},"line":58},"4":{"name":"(anonymous_4)","decl":{"start":{"line":80,"column":11},"end":{"line":80,"column":12}},"loc":{"start":{"line":80,"column":25},"end":{"line":89,"column":3}},"line":80},"5":{"name":"createRateLimiter","decl":{"start":{"line":97,"column":9},"end":{"line":97,"column":26}},"loc":{"start":{"line":97,"column":41},"end":{"line":116,"column":1}},"line":97},"6":{"name":"(anonymous_6)","decl":{"start":{"line":103,"column":13},"end":{"line":103,"column":14}},"loc":{"start":{"line":103,"column":27},"end":{"line":112,"column":5}},"line":103}},"branchMap":{"0":{"loc":{"start":{"line":97,"column":27},"end":{"line":97,"column":39}},"type":"default-arg","locations":[{"start":{"line":97,"column":37},"end":{"line":97,"column":39}}],"line":97}},"s":{"0":2,"1":2,"2":2,"3":0,"4":0,"5":0,"6":2,"7":0,"8":0,"9":2,"10":0,"11":0,"12":2,"13":0,"14":0,"15":0,"16":0,"17":0,"18":0,"19":2},"f":{"0":0,"1":0,"2":0,"3":0,"4":0,"5":0,"6":0},"b":{"0":[0]},"_coverageSchema":"1a1c01bbd47fc00a2c39e90264f33305004495a9","hash":"7d6aff3464448a8e1d874ed1511118daf79d7a78"}
,"/Users/gustsantos/Desktop/initucastt_old/backend/src/middleware/validation.js": {"path":"/Users/gustsantos/Desktop/initucastt_old/backend/src/middleware/validation.js","statementMap":{"0":{"start":{"line":1,"column":12},"end":{"line":1,"column":26}},"1":{"start":{"line":2,"column":15},"end":{"line":2,"column":41}},"2":{"start":{"line":5,"column":16},"end":{"line":68,"column":1}},"3":{"start":{"line":76,"column":2},"end":{"line":114,"column":4}},"4":{"start":{"line":77,"column":19},"end":{"line":77,"column":38}},"5":{"start":{"line":79,"column":4},"end":{"line":82,"column":5}},"6":{"start":{"line":80,"column":6},"end":{"line":80,"column":66}},"7":{"start":{"line":81,"column":6},"end":{"line":81,"column":74}},"8":{"start":{"line":84,"column":29},"end":{"line":87,"column":6}},"9":{"start":{"line":89,"column":4},"end":{"line":106,"column":5}},"10":{"start":{"line":90,"column":21},"end":{"line":93,"column":9}},"11":{"start":{"line":90,"column":50},"end":{"line":93,"column":7}},"12":{"start":{"line":95,"column":6},"end":{"line":100,"column":9}},"13":{"start":{"line":102,"column":6},"end":{"line":105,"column":9}},"14":{"start":{"line":109,"column":4},"end":{"line":109,"column":30}},"15":{"start":{"line":110,"column":4},"end":{"line":110,"column":21}},"16":{"start":{"line":112,"column":4},"end":{"line":112,"column":62}},"17":{"start":{"line":113,"column":4},"end":{"line":113,"column":11}},"18":{"start":{"line":123,"column":2},"end":{"line":141,"column":4}},"19":{"start":{"line":124,"column":29},"end":{"line":127,"column":6}},"20":{"start":{"line":129,"column":4},"end":{"line":137,"column":5}},"21":{"start":{"line":130,"column":21},"end":{"line":133,"column":9}},"22":{"start":{"line":130,"column":50},"end":{"line":133,"column":7}},"23":{"start":{"line":135,"column":6},"end":{"line":135,"column":69}},"24":{"start":{"line":136,"column":6},"end":{"line":136,"column":90}},"25":{"start":{"line":139,"column":4},"end":{"line":139,"column":22}},"26":{"start":{"line":140,"column":4},"end":{"line":140,"column":11}},"27":{"start":{"line":150,"column":2},"end":{"line":165,"column":4}},"28":{"start":{"line":151,"column":29},"end":{"line":151,"column":56}},"29":{"start":{"line":153,"column":4},"end":{"line":161,"column":5}},"30":{"start":{"line":154,"column":21},"end":{"line":157,"column":9}},"31":{"start":{"line":154,"column":50},"end":{"line":157,"column":7}},"32":{"start":{"line":159,"column":6},"end":{"line":159,"column":70}},"33":{"start":{"line":160,"column":6},"end":{"line":160,"column":84}},"34":{"start":{"line":163,"column":4},"end":{"line":163,"column":23}},"35":{"start":{"line":164,"column":4},"end":{"line":164,"column":11}},"36":{"start":{"line":168,"column":0},"end":{"line":173,"column":2}}},"fnMap":{"0":{"name":"validate","decl":{"start":{"line":75,"column":9},"end":{"line":75,"column":17}},"loc":{"start":{"line":75,"column":30},"end":{"line":115,"column":1}},"line":75},"1":{"name":"(anonymous_1)","decl":{"start":{"line":76,"column":9},"end":{"line":76,"column":10}},"loc":{"start":{"line":76,"column":29},"end":{"line":114,"column":3}},"line":76},"2":{"name":"(anonymous_2)","decl":{"start":{"line":90,"column":39},"end":{"line":90,"column":40}},"loc":{"start":{"line":90,"column":50},"end":{"line":93,"column":7}},"line":90},"3":{"name":"validateQuery","decl":{"start":{"line":122,"column":9},"end":{"line":122,"column":22}},"loc":{"start":{"line":122,"column":31},"end":{"line":142,"column":1}},"line":122},"4":{"name":"(anonymous_4)","decl":{"start":{"line":123,"column":9},"end":{"line":123,"column":10}},"loc":{"start":{"line":123,"column":29},"end":{"line":141,"column":3}},"line":123},"5":{"name":"(anonymous_5)","decl":{"start":{"line":130,"column":39},"end":{"line":130,"column":40}},"loc":{"start":{"line":130,"column":50},"end":{"line":133,"column":7}},"line":130},"6":{"name":"validateParams","decl":{"start":{"line":149,"column":9},"end":{"line":149,"column":23}},"loc":{"start":{"line":149,"column":32},"end":{"line":166,"column":1}},"line":149},"7":{"name":"(anonymous_7)","decl":{"start":{"line":150,"column":9},"end":{"line":150,"column":10}},"loc":{"start":{"line":150,"column":29},"end":{"line":165,"column":3}},"line":150},"8":{"name":"(anonymous_8)","decl":{"start":{"line":154,"column":39},"end":{"line":154,"column":40}},"loc":{"start":{"line":154,"column":50},"end":{"line":157,"column":7}},"line":154}},"branchMap":{"0":{"loc":{"start":{"line":79,"column":4},"end":{"line":82,"column":5}},"type":"if","locations":[{"start":{"line":79,"column":4},"end":{"line":82,"column":5}},{"start":{},"end":{}}],"line":79},"1":{"loc":{"start":{"line":89,"column":4},"end":{"line":106,"column":5}},"type":"if","locations":[{"start":{"line":89,"column":4},"end":{"line":106,"column":5}},{"start":{},"end":{}}],"line":89},"2":{"loc":{"start":{"line":129,"column":4},"end":{"line":137,"column":5}},"type":"if","locations":[{"start":{"line":129,"column":4},"end":{"line":137,"column":5}},{"start":{},"end":{}}],"line":129},"3":{"loc":{"start":{"line":153,"column":4},"end":{"line":161,"column":5}},"type":"if","locations":[{"start":{"line":153,"column":4},"end":{"line":161,"column":5}},{"start":{},"end":{}}],"line":153}},"s":{"0":2,"1":2,"2":2,"3":10,"4":0,"5":0,"6":0,"7":0,"8":0,"9":0,"10":0,"11":0,"12":0,"13":0,"14":0,"15":0,"16":0,"17":0,"18":0,"19":0,"20":0,"21":0,"22":0,"23":0,"24":0,"25":0,"26":0,"27":0,"28":0,"29":0,"30":0,"31":0,"32":0,"33":0,"34":0,"35":0,"36":2},"f":{"0":10,"1":0,"2":0,"3":0,"4":0,"5":0,"6":0,"7":0,"8":0},"b":{"0":[0,0],"1":[0,0],"2":[0,0],"3":[0,0]},"_coverageSchema":"1a1c01bbd47fc00a2c39e90264f33305004495a9","hash":"33fa934016242a13d313b64454b8f629349f9ed9"}
,"/Users/gustsantos/Desktop/initucastt_old/backend/src/queues/flowQueue.js": {"path":"/Users/gustsantos/Desktop/initucastt_old/backend/src/queues/flowQueue.js","statementMap":{"0":{"start":{"line":2,"column":18},"end":{"line":2,"column":35}},"1":{"start":{"line":3,"column":23},"end":{"line":3,"column":48}},"2":{"start":{"line":4,"column":15},"end":{"line":4,"column":41}},"3":{"start":{"line":10,"column":22},"end":{"line":10,"column":47}},"4":{"start":{"line":12,"column":0},"end":{"line":14,"column":2}}},"fnMap":{},"branchMap":{},"s":{"0":2,"1":2,"2":2,"3":2,"4":2},"f":{},"b":{},"_coverageSchema":"1a1c01bbd47fc00a2c39e90264f33305004495a9","hash":"6b6555b9863fd3a6969545df2782be55c3144e74"}
,"/Users/gustsantos/Desktop/initucastt_old/backend/src/queues/messageQueue.js": {"path":"/Users/gustsantos/Desktop/initucastt_old/backend/src/queues/messageQueue.js","statementMap":{"0":{"start":{"line":1,"column":18},"end":{"line":1,"column":35}},"1":{"start":{"line":2,"column":16},"end":{"line":2,"column":34}},"2":{"start":{"line":3,"column":15},"end":{"line":3,"column":41}},"3":{"start":{"line":6,"column":20},"end":{"line":15,"column":1}},"4":{"start":{"line":12,"column":18},"end":{"line":12,"column":44}},"5":{"start":{"line":13,"column":4},"end":{"line":13,"column":17}},"6":{"start":{"line":18,"column":19},"end":{"line":18,"column":43}},"7":{"start":{"line":20,"column":0},"end":{"line":22,"column":3}},"8":{"start":{"line":21,"column":2},"end":{"line":21,"column":65}},"9":{"start":{"line":24,"column":0},"end":{"line":29,"column":3}},"10":{"start":{"line":25,"column":2},"end":{"line":28,"column":5}},"11":{"start":{"line":31,"column":0},"end":{"line":33,"column":3}},"12":{"start":{"line":32,"column":2},"end":{"line":32,"column":48}},"13":{"start":{"line":39,"column":21},"end":{"line":56,"column":2}},"14":{"start":{"line":62,"column":18},"end":{"line":79,"column":2}},"15":{"start":{"line":82,"column":0},"end":{"line":84,"column":3}},"16":{"start":{"line":83,"column":2},"end":{"line":83,"column":62}},"17":{"start":{"line":86,"column":0},"end":{"line":88,"column":3}},"18":{"start":{"line":87,"column":2},"end":{"line":87,"column":59}},"19":{"start":{"line":91,"column":0},"end":{"line":106,"column":10}},"20":{"start":{"line":92,"column":2},"end":{"line":105,"column":3}},"21":{"start":{"line":93,"column":22},"end":{"line":93,"column":55}},"22":{"start":{"line":94,"column":23},"end":{"line":94,"column":53}},"23":{"start":{"line":96,"column":4},"end":{"line":98,"column":5}},"24":{"start":{"line":97,"column":6},"end":{"line":97,"column":54}},"25":{"start":{"line":100,"column":4},"end":{"line":102,"column":5}},"26":{"start":{"line":101,"column":6},"end":{"line":101,"column":52}},"27":{"start":{"line":104,"column":4},"end":{"line":104,"column":74}},"28":{"start":{"line":108,"column":0},"end":{"line":112,"column":2}}},"fnMap":{"0":{"name":"(anonymous_0)","decl":{"start":{"line":11,"column":2},"end":{"line":11,"column":3}},"loc":{"start":{"line":11,"column":23},"end":{"line":14,"column":3}},"line":11},"1":{"name":"(anonymous_1)","decl":{"start":{"line":20,"column":23},"end":{"line":20,"column":24}},"loc":{"start":{"line":20,"column":32},"end":{"line":22,"column":1}},"line":20},"2":{"name":"(anonymous_2)","decl":{"start":{"line":24,"column":25},"end":{"line":24,"column":26}},"loc":{"start":{"line":24,"column":31},"end":{"line":29,"column":1}},"line":24},"3":{"name":"(anonymous_3)","decl":{"start":{"line":31,"column":23},"end":{"line":31,"column":24}},"loc":{"start":{"line":31,"column":29},"end":{"line":33,"column":1}},"line":31},"4":{"name":"(anonymous_4)","decl":{"start":{"line":82,"column":25},"end":{"line":82,"column":26}},"loc":{"start":{"line":82,"column":34},"end":{"line":84,"column":1}},"line":82},"5":{"name":"(anonymous_5)","decl":{"start":{"line":86,"column":22},"end":{"line":86,"column":23}},"loc":{"start":{"line":86,"column":31},"end":{"line":88,"column":1}},"line":86},"6":{"name":"(anonymous_6)","decl":{"start":{"line":91,"column":12},"end":{"line":91,"column":13}},"loc":{"start":{"line":91,"column":24},"end":{"line":106,"column":1}},"line":91}},"branchMap":{"0":{"loc":{"start":{"line":7,"column":8},"end":{"line":7,"column":45}},"type":"binary-expr","locations":[{"start":{"line":7,"column":8},"end":{"line":7,"column":30}},{"start":{"line":7,"column":34},"end":{"line":7,"column":45}}],"line":7},"1":{"loc":{"start":{"line":8,"column":17},"end":{"line":8,"column":49}},"type":"binary-expr","locations":[{"start":{"line":8,"column":17},"end":{"line":8,"column":39}},{"start":{"line":8,"column":43},"end":{"line":8,"column":49}}],"line":8},"2":{"loc":{"start":{"line":96,"column":4},"end":{"line":98,"column":5}},"type":"if","locations":[{"start":{"line":96,"column":4},"end":{"line":98,"column":5}},{"start":{},"end":{}}],"line":96},"3":{"loc":{"start":{"line":96,"column":8},"end":{"line":96,"column":53}},"type":"binary-expr","locations":[{"start":{"line":96,"column":8},"end":{"line":96,"column":29}},{"start":{"line":96,"column":33},"end":{"line":96,"column":53}}],"line":96},"4":{"loc":{"start":{"line":100,"column":4},"end":{"line":102,"column":5}},"type":"if","locations":[{"start":{"line":100,"column":4},"end":{"line":102,"column":5}},{"start":{},"end":{}}],"line":100},"5":{"loc":{"start":{"line":100,"column":8},"end":{"line":100,"column":55}},"type":"binary-expr","locations":[{"start":{"line":100,"column":8},"end":{"line":100,"column":30}},{"start":{"line":100,"column":34},"end":{"line":100,"column":55}}],"line":100}},"s":{"0":0,"1":0,"2":0,"3":0,"4":0,"5":0,"6":0,"7":0,"8":0,"9":0,"10":0,"11":0,"12":0,"13":0,"14":0,"15":0,"16":0,"17":0,"18":0,"19":0,"20":0,"21":0,"22":0,"23":0,"24":0,"25":0,"26":0,"27":0,"28":0},"f":{"0":0,"1":0,"2":0,"3":0,"4":0,"5":0,"6":0},"b":{"0":[0,0],"1":[0,0],"2":[0,0],"3":[0,0],"4":[0,0],"5":[0,0]}}
,"/Users/gustsantos/Desktop/initucastt_old/backend/src/repositories/journeyRepository.js": {"path":"/Users/gustsantos/Desktop/initucastt_old/backend/src/repositories/journeyRepository.js","statementMap":{"0":{"start":{"line":1,"column":25},"end":{"line":1,"column":50}},"1":{"start":{"line":2,"column":15},"end":{"line":2,"column":41}},"2":{"start":{"line":4,"column":15},"end":{"line":4,"column":33}},"3":{"start":{"line":14,"column":4},"end":{"line":41,"column":5}},"4":{"start":{"line":15,"column":20},"end":{"line":15,"column":22}},"5":{"start":{"line":16,"column":6},"end":{"line":16,"column":40}},"6":{"start":{"line":16,"column":18},"end":{"line":16,"column":40}},"7":{"start":{"line":17,"column":6},"end":{"line":17,"column":56}},"8":{"start":{"line":17,"column":26},"end":{"line":17,"column":56}},"9":{"start":{"line":19,"column":23},"end":{"line":30,"column":8}},"10":{"start":{"line":32,"column":6},"end":{"line":32,"column":75}},"11":{"start":{"line":33,"column":6},"end":{"line":33,"column":22}},"12":{"start":{"line":35,"column":6},"end":{"line":39,"column":9}},"13":{"start":{"line":40,"column":6},"end":{"line":40,"column":18}},"14":{"start":{"line":51,"column":4},"end":{"line":71,"column":5}},"15":{"start":{"line":52,"column":20},"end":{"line":52,"column":26}},"16":{"start":{"line":53,"column":6},"end":{"line":53,"column":40}},"17":{"start":{"line":53,"column":18},"end":{"line":53,"column":40}},"18":{"start":{"line":55,"column":22},"end":{"line":55,"column":63}},"19":{"start":{"line":57,"column":6},"end":{"line":61,"column":7}},"20":{"start":{"line":58,"column":8},"end":{"line":58,"column":54}},"21":{"start":{"line":60,"column":8},"end":{"line":60,"column":57}},"22":{"start":{"line":63,"column":6},"end":{"line":63,"column":21}},"23":{"start":{"line":65,"column":6},"end":{"line":69,"column":9}},"24":{"start":{"line":70,"column":6},"end":{"line":70,"column":18}},"25":{"start":{"line":81,"column":4},"end":{"line":112,"column":5}},"26":{"start":{"line":82,"column":26},"end":{"line":88,"column":7}},"27":{"start":{"line":90,"column":6},"end":{"line":92,"column":7}},"28":{"start":{"line":91,"column":8},"end":{"line":91,"column":36}},"29":{"start":{"line":94,"column":22},"end":{"line":96,"column":8}},"30":{"start":{"line":98,"column":6},"end":{"line":102,"column":9}},"31":{"start":{"line":104,"column":6},"end":{"line":104,"column":21}},"32":{"start":{"line":106,"column":6},"end":{"line":110,"column":9}},"33":{"start":{"line":111,"column":6},"end":{"line":111,"column":18}},"34":{"start":{"line":123,"column":4},"end":{"line":159,"column":5}},"35":{"start":{"line":124,"column":20},"end":{"line":124,"column":26}},"36":{"start":{"line":125,"column":6},"end":{"line":125,"column":40}},"37":{"start":{"line":125,"column":18},"end":{"line":125,"column":40}},"38":{"start":{"line":127,"column":25},"end":{"line":127,"column":27}},"39":{"start":{"line":128,"column":6},"end":{"line":128,"column":63}},"40":{"start":{"line":128,"column":35},"end":{"line":128,"column":63}},"41":{"start":{"line":129,"column":6},"end":{"line":129,"column":66}},"42":{"start":{"line":129,"column":36},"end":{"line":129,"column":66}},"43":{"start":{"line":130,"column":6},"end":{"line":130,"column":66}},"44":{"start":{"line":130,"column":36},"end":{"line":130,"column":66}},"45":{"start":{"line":131,"column":6},"end":{"line":131,"column":69}},"46":{"start":{"line":131,"column":37},"end":{"line":131,"column":69}},"47":{"start":{"line":133,"column":6},"end":{"line":133,"column":40}},"48":{"start":{"line":135,"column":22},"end":{"line":138,"column":8}},"49":{"start":{"line":140,"column":6},"end":{"line":144,"column":9}},"50":{"start":{"line":146,"column":6},"end":{"line":146,"column":21}},"51":{"start":{"line":148,"column":6},"end":{"line":151,"column":7}},"52":{"start":{"line":149,"column":8},"end":{"line":149,"column":68}},"53":{"start":{"line":150,"column":8},"end":{"line":150,"column":45}},"54":{"start":{"line":153,"column":6},"end":{"line":157,"column":9}},"55":{"start":{"line":158,"column":6},"end":{"line":158,"column":18}},"56":{"start":{"line":169,"column":4},"end":{"line":190,"column":5}},"57":{"start":{"line":170,"column":20},"end":{"line":170,"column":26}},"58":{"start":{"line":171,"column":6},"end":{"line":171,"column":40}},"59":{"start":{"line":171,"column":18},"end":{"line":171,"column":40}},"60":{"start":{"line":173,"column":6},"end":{"line":173,"column":45}},"61":{"start":{"line":175,"column":6},"end":{"line":175,"column":53}},"62":{"start":{"line":177,"column":6},"end":{"line":177,"column":31}},"63":{"start":{"line":179,"column":6},"end":{"line":182,"column":7}},"64":{"start":{"line":180,"column":8},"end":{"line":180,"column":70}},"65":{"start":{"line":181,"column":8},"end":{"line":181,"column":45}},"66":{"start":{"line":184,"column":6},"end":{"line":188,"column":9}},"67":{"start":{"line":189,"column":6},"end":{"line":189,"column":18}},"68":{"start":{"line":200,"column":4},"end":{"line":231,"column":5}},"69":{"start":{"line":201,"column":23},"end":{"line":201,"column":54}},"70":{"start":{"line":203,"column":6},"end":{"line":205,"column":7}},"71":{"start":{"line":204,"column":8},"end":{"line":204,"column":45}},"72":{"start":{"line":207,"column":25},"end":{"line":215,"column":7}},"73":{"start":{"line":217,"column":6},"end":{"line":221,"column":9}},"74":{"start":{"line":223,"column":6},"end":{"line":223,"column":24}},"75":{"start":{"line":225,"column":6},"end":{"line":229,"column":9}},"76":{"start":{"line":230,"column":6},"end":{"line":230,"column":18}},"77":{"start":{"line":241,"column":4},"end":{"line":253,"column":5}},"78":{"start":{"line":242,"column":20},"end":{"line":242,"column":22}},"79":{"start":{"line":243,"column":6},"end":{"line":243,"column":40}},"80":{"start":{"line":243,"column":18},"end":{"line":243,"column":40}},"81":{"start":{"line":244,"column":6},"end":{"line":244,"column":56}},"82":{"start":{"line":244,"column":26},"end":{"line":244,"column":56}},"83":{"start":{"line":246,"column":6},"end":{"line":246,"column":51}},"84":{"start":{"line":248,"column":6},"end":{"line":251,"column":9}},"85":{"start":{"line":252,"column":6},"end":{"line":252,"column":18}},"86":{"start":{"line":257,"column":0},"end":{"line":257,"column":41}}},"fnMap":{"0":{"name":"(anonymous_0)","decl":{"start":{"line":13,"column":2},"end":{"line":13,"column":3}},"loc":{"start":{"line":13,"column":45},"end":{"line":42,"column":3}},"line":13},"1":{"name":"(anonymous_1)","decl":{"start":{"line":50,"column":2},"end":{"line":50,"column":3}},"loc":{"start":{"line":50,"column":36},"end":{"line":72,"column":3}},"line":50},"2":{"name":"(anonymous_2)","decl":{"start":{"line":80,"column":2},"end":{"line":80,"column":3}},"loc":{"start":{"line":80,"column":36},"end":{"line":113,"column":3}},"line":80},"3":{"name":"(anonymous_3)","decl":{"start":{"line":122,"column":2},"end":{"line":122,"column":3}},"loc":{"start":{"line":122,"column":40},"end":{"line":160,"column":3}},"line":122},"4":{"name":"(anonymous_4)","decl":{"start":{"line":168,"column":2},"end":{"line":168,"column":3}},"loc":{"start":{"line":168,"column":34},"end":{"line":191,"column":3}},"line":168},"5":{"name":"(anonymous_5)","decl":{"start":{"line":199,"column":2},"end":{"line":199,"column":3}},"loc":{"start":{"line":199,"column":37},"end":{"line":232,"column":3}},"line":199},"6":{"name":"(anonymous_6)","decl":{"start":{"line":240,"column":2},"end":{"line":240,"column":3}},"loc":{"start":{"line":240,"column":43},"end":{"line":254,"column":3}},"line":240}},"branchMap":{"0":{"loc":{"start":{"line":13,"column":16},"end":{"line":13,"column":29}},"type":"default-arg","locations":[{"start":{"line":13,"column":25},"end":{"line":13,"column":29}}],"line":13},"1":{"loc":{"start":{"line":13,"column":31},"end":{"line":13,"column":43}},"type":"default-arg","locations":[{"start":{"line":13,"column":41},"end":{"line":13,"column":43}}],"line":13},"2":{"loc":{"start":{"line":16,"column":6},"end":{"line":16,"column":40}},"type":"if","locations":[{"start":{"line":16,"column":6},"end":{"line":16,"column":40}},{"start":{},"end":{}}],"line":16},"3":{"loc":{"start":{"line":17,"column":6},"end":{"line":17,"column":56}},"type":"if","locations":[{"start":{"line":17,"column":6},"end":{"line":17,"column":56}},{"start":{},"end":{}}],"line":17},"4":{"loc":{"start":{"line":50,"column":21},"end":{"line":50,"column":34}},"type":"default-arg","locations":[{"start":{"line":50,"column":30},"end":{"line":50,"column":34}}],"line":50},"5":{"loc":{"start":{"line":53,"column":6},"end":{"line":53,"column":40}},"type":"if","locations":[{"start":{"line":53,"column":6},"end":{"line":53,"column":40}},{"start":{},"end":{}}],"line":53},"6":{"loc":{"start":{"line":57,"column":6},"end":{"line":61,"column":7}},"type":"if","locations":[{"start":{"line":57,"column":6},"end":{"line":61,"column":7}},{"start":{"line":59,"column":13},"end":{"line":61,"column":7}}],"line":57},"7":{"loc":{"start":{"line":80,"column":21},"end":{"line":80,"column":34}},"type":"default-arg","locations":[{"start":{"line":80,"column":30},"end":{"line":80,"column":34}}],"line":80},"8":{"loc":{"start":{"line":83,"column":12},"end":{"line":83,"column":43}},"type":"binary-expr","locations":[{"start":{"line":83,"column":12},"end":{"line":83,"column":19}},{"start":{"line":83,"column":23},"end":{"line":83,"column":43}}],"line":83},"9":{"loc":{"start":{"line":84,"column":14},"end":{"line":84,"column":42}},"type":"binary-expr","locations":[{"start":{"line":84,"column":14},"end":{"line":84,"column":23}},{"start":{"line":84,"column":27},"end":{"line":84,"column":42}}],"line":84},"10":{"loc":{"start":{"line":85,"column":15},"end":{"line":85,"column":31}},"type":"binary-expr","locations":[{"start":{"line":85,"column":15},"end":{"line":85,"column":25}},{"start":{"line":85,"column":29},"end":{"line":85,"column":31}}],"line":85},"11":{"loc":{"start":{"line":86,"column":15},"end":{"line":86,"column":31}},"type":"binary-expr","locations":[{"start":{"line":86,"column":15},"end":{"line":86,"column":25}},{"start":{"line":86,"column":29},"end":{"line":86,"column":31}}],"line":86},"12":{"loc":{"start":{"line":87,"column":16},"end":{"line":87,"column":38}},"type":"binary-expr","locations":[{"start":{"line":87,"column":16},"end":{"line":87,"column":27}},{"start":{"line":87,"column":31},"end":{"line":87,"column":38}}],"line":87},"13":{"loc":{"start":{"line":90,"column":6},"end":{"line":92,"column":7}},"type":"if","locations":[{"start":{"line":90,"column":6},"end":{"line":92,"column":7}},{"start":{},"end":{}}],"line":90},"14":{"loc":{"start":{"line":122,"column":25},"end":{"line":122,"column":38}},"type":"default-arg","locations":[{"start":{"line":122,"column":34},"end":{"line":122,"column":38}}],"line":122},"15":{"loc":{"start":{"line":125,"column":6},"end":{"line":125,"column":40}},"type":"if","locations":[{"start":{"line":125,"column":6},"end":{"line":125,"column":40}},{"start":{},"end":{}}],"line":125},"16":{"loc":{"start":{"line":128,"column":6},"end":{"line":128,"column":63}},"type":"if","locations":[{"start":{"line":128,"column":6},"end":{"line":128,"column":63}},{"start":{},"end":{}}],"line":128},"17":{"loc":{"start":{"line":129,"column":6},"end":{"line":129,"column":66}},"type":"if","locations":[{"start":{"line":129,"column":6},"end":{"line":129,"column":66}},{"start":{},"end":{}}],"line":129},"18":{"loc":{"start":{"line":130,"column":6},"end":{"line":130,"column":66}},"type":"if","locations":[{"start":{"line":130,"column":6},"end":{"line":130,"column":66}},{"start":{},"end":{}}],"line":130},"19":{"loc":{"start":{"line":131,"column":6},"end":{"line":131,"column":69}},"type":"if","locations":[{"start":{"line":131,"column":6},"end":{"line":131,"column":69}},{"start":{},"end":{}}],"line":131},"20":{"loc":{"start":{"line":148,"column":6},"end":{"line":151,"column":7}},"type":"if","locations":[{"start":{"line":148,"column":6},"end":{"line":151,"column":7}},{"start":{},"end":{}}],"line":148},"21":{"loc":{"start":{"line":168,"column":19},"end":{"line":168,"column":32}},"type":"default-arg","locations":[{"start":{"line":168,"column":28},"end":{"line":168,"column":32}}],"line":168},"22":{"loc":{"start":{"line":171,"column":6},"end":{"line":171,"column":40}},"type":"if","locations":[{"start":{"line":171,"column":6},"end":{"line":171,"column":40}},{"start":{},"end":{}}],"line":171},"23":{"loc":{"start":{"line":179,"column":6},"end":{"line":182,"column":7}},"type":"if","locations":[{"start":{"line":179,"column":6},"end":{"line":182,"column":7}},{"start":{},"end":{}}],"line":179},"24":{"loc":{"start":{"line":199,"column":22},"end":{"line":199,"column":35}},"type":"default-arg","locations":[{"start":{"line":199,"column":31},"end":{"line":199,"column":35}}],"line":199},"25":{"loc":{"start":{"line":203,"column":6},"end":{"line":205,"column":7}},"type":"if","locations":[{"start":{"line":203,"column":6},"end":{"line":205,"column":7}},{"start":{},"end":{}}],"line":203},"26":{"loc":{"start":{"line":240,"column":14},"end":{"line":240,"column":27}},"type":"default-arg","locations":[{"start":{"line":240,"column":23},"end":{"line":240,"column":27}}],"line":240},"27":{"loc":{"start":{"line":240,"column":29},"end":{"line":240,"column":41}},"type":"default-arg","locations":[{"start":{"line":240,"column":39},"end":{"line":240,"column":41}}],"line":240},"28":{"loc":{"start":{"line":243,"column":6},"end":{"line":243,"column":40}},"type":"if","locations":[{"start":{"line":243,"column":6},"end":{"line":243,"column":40}},{"start":{},"end":{}}],"line":243},"29":{"loc":{"start":{"line":244,"column":6},"end":{"line":244,"column":56}},"type":"if","locations":[{"start":{"line":244,"column":6},"end":{"line":244,"column":56}},{"start":{},"end":{}}],"line":244}},"s":{"0":3,"1":3,"2":3,"3":3,"4":3,"5":3,"6":1,"7":3,"8":1,"9":3,"10":3,"11":3,"12":0,"13":0,"14":4,"15":4,"16":4,"17":1,"18":4,"19":4,"20":2,"21":2,"22":4,"23":0,"24":0,"25":3,"26":3,"27":3,"28":1,"29":3,"30":3,"31":3,"32":0,"33":0,"34":2,"35":2,"36":2,"37":0,"38":2,"39":2,"40":1,"41":2,"42":0,"43":2,"44":0,"45":2,"46":0,"47":2,"48":2,"49":2,"50":2,"51":0,"52":0,"53":0,"54":0,"55":0,"56":2,"57":2,"58":2,"59":0,"60":2,"61":2,"62":2,"63":0,"64":0,"65":0,"66":0,"67":0,"68":1,"69":1,"70":1,"71":0,"72":1,"73":1,"74":1,"75":0,"76":0,"77":2,"78":2,"79":2,"80":1,"81":2,"82":0,"83":2,"84":0,"85":0,"86":3},"f":{"0":3,"1":4,"2":3,"3":2,"4":2,"5":1,"6":2},"b":{"0":[1],"1":[2],"2":[1,2],"3":[1,2],"4":[2],"5":[1,3],"6":[2,2],"7":[1],"8":[3,2],"9":[3,0],"10":[3,0],"11":[3,0],"12":[3,2],"13":[1,2],"14":[2],"15":[0,2],"16":[1,1],"17":[0,2],"18":[0,2],"19":[0,2],"20":[0,0],"21":[2],"22":[0,2],"23":[0,0],"24":[1],"25":[0,1],"26":[1],"27":[2],"28":[1,1],"29":[0,2]},"_coverageSchema":"1a1c01bbd47fc00a2c39e90264f33305004495a9","hash":"a80d8afcdcc8068dd08646cb8fa3c133a8ddfe58"}
,"/Users/gustsantos/Desktop/initucastt_old/backend/src/repositories/runRepository.js": {"path":"/Users/gustsantos/Desktop/initucastt_old/backend/src/repositories/runRepository.js","statementMap":{"0":{"start":{"line":1,"column":25},"end":{"line":1,"column":50}},"1":{"start":{"line":2,"column":15},"end":{"line":2,"column":41}},"2":{"start":{"line":4,"column":15},"end":{"line":4,"column":33}},"3":{"start":{"line":14,"column":4},"end":{"line":42,"column":5}},"4":{"start":{"line":15,"column":20},"end":{"line":15,"column":22}},"5":{"start":{"line":16,"column":6},"end":{"line":16,"column":40}},"6":{"start":{"line":16,"column":18},"end":{"line":16,"column":40}},"7":{"start":{"line":17,"column":6},"end":{"line":17,"column":56}},"8":{"start":{"line":17,"column":26},"end":{"line":17,"column":56}},"9":{"start":{"line":18,"column":6},"end":{"line":18,"column":65}},"10":{"start":{"line":18,"column":29},"end":{"line":18,"column":65}},"11":{"start":{"line":20,"column":19},"end":{"line":31,"column":8}},"12":{"start":{"line":33,"column":6},"end":{"line":33,"column":76}},"13":{"start":{"line":34,"column":6},"end":{"line":34,"column":18}},"14":{"start":{"line":36,"column":6},"end":{"line":40,"column":9}},"15":{"start":{"line":41,"column":6},"end":{"line":41,"column":18}},"16":{"start":{"line":53,"column":4},"end":{"line":81,"column":5}},"17":{"start":{"line":54,"column":20},"end":{"line":54,"column":26}},"18":{"start":{"line":55,"column":6},"end":{"line":55,"column":40}},"19":{"start":{"line":55,"column":18},"end":{"line":55,"column":40}},"20":{"start":{"line":57,"column":18},"end":{"line":65,"column":8}},"21":{"start":{"line":67,"column":6},"end":{"line":71,"column":7}},"22":{"start":{"line":68,"column":8},"end":{"line":68,"column":85}},"23":{"start":{"line":70,"column":8},"end":{"line":70,"column":53}},"24":{"start":{"line":73,"column":6},"end":{"line":73,"column":17}},"25":{"start":{"line":75,"column":6},"end":{"line":79,"column":9}},"26":{"start":{"line":80,"column":6},"end":{"line":80,"column":18}},"27":{"start":{"line":91,"column":4},"end":{"line":125,"column":5}},"28":{"start":{"line":92,"column":22},"end":{"line":99,"column":7}},"29":{"start":{"line":101,"column":6},"end":{"line":101,"column":42}},"30":{"start":{"line":101,"column":18},"end":{"line":101,"column":42}},"31":{"start":{"line":102,"column":6},"end":{"line":102,"column":61}},"32":{"start":{"line":102,"column":26},"end":{"line":102,"column":61}},"33":{"start":{"line":103,"column":6},"end":{"line":103,"column":71}},"34":{"start":{"line":103,"column":26},"end":{"line":103,"column":71}},"35":{"start":{"line":104,"column":6},"end":{"line":104,"column":49}},"36":{"start":{"line":104,"column":22},"end":{"line":104,"column":49}},"37":{"start":{"line":106,"column":18},"end":{"line":108,"column":8}},"38":{"start":{"line":110,"column":6},"end":{"line":115,"column":9}},"39":{"start":{"line":117,"column":6},"end":{"line":117,"column":17}},"40":{"start":{"line":119,"column":6},"end":{"line":123,"column":9}},"41":{"start":{"line":124,"column":6},"end":{"line":124,"column":18}},"42":{"start":{"line":135,"column":4},"end":{"line":161,"column":5}},"43":{"start":{"line":136,"column":25},"end":{"line":136,"column":59}},"44":{"start":{"line":138,"column":18},"end":{"line":141,"column":8}},"45":{"start":{"line":143,"column":6},"end":{"line":147,"column":9}},"46":{"start":{"line":149,"column":6},"end":{"line":149,"column":17}},"47":{"start":{"line":151,"column":6},"end":{"line":154,"column":7}},"48":{"start":{"line":152,"column":8},"end":{"line":152,"column":56}},"49":{"start":{"line":153,"column":8},"end":{"line":153,"column":41}},"50":{"start":{"line":156,"column":6},"end":{"line":159,"column":9}},"51":{"start":{"line":160,"column":6},"end":{"line":160,"column":18}},"52":{"start":{"line":171,"column":4},"end":{"line":192,"column":5}},"53":{"start":{"line":172,"column":20},"end":{"line":172,"column":26}},"54":{"start":{"line":173,"column":6},"end":{"line":173,"column":40}},"55":{"start":{"line":173,"column":18},"end":{"line":173,"column":40}},"56":{"start":{"line":175,"column":6},"end":{"line":175,"column":41}},"57":{"start":{"line":177,"column":6},"end":{"line":177,"column":49}},"58":{"start":{"line":179,"column":6},"end":{"line":179,"column":31}},"59":{"start":{"line":181,"column":6},"end":{"line":184,"column":7}},"60":{"start":{"line":182,"column":8},"end":{"line":182,"column":66}},"61":{"start":{"line":183,"column":8},"end":{"line":183,"column":41}},"62":{"start":{"line":186,"column":6},"end":{"line":190,"column":9}},"63":{"start":{"line":191,"column":6},"end":{"line":191,"column":18}},"64":{"start":{"line":202,"column":4},"end":{"line":231,"column":5}},"65":{"start":{"line":203,"column":23},"end":{"line":216,"column":7}},"66":{"start":{"line":205,"column":10},"end":{"line":214,"column":12}},"67":{"start":{"line":218,"column":6},"end":{"line":221,"column":9}},"68":{"start":{"line":223,"column":6},"end":{"line":223,"column":22}},"69":{"start":{"line":225,"column":6},"end":{"line":229,"column":9}},"70":{"start":{"line":230,"column":6},"end":{"line":230,"column":18}},"71":{"start":{"line":241,"column":4},"end":{"line":279,"column":5}},"72":{"start":{"line":242,"column":22},"end":{"line":264,"column":7}},"73":{"start":{"line":244,"column":10},"end":{"line":262,"column":12}},"74":{"start":{"line":266,"column":6},"end":{"line":269,"column":9}},"75":{"start":{"line":271,"column":6},"end":{"line":271,"column":21}},"76":{"start":{"line":273,"column":6},"end":{"line":277,"column":9}},"77":{"start":{"line":278,"column":6},"end":{"line":278,"column":18}},"78":{"start":{"line":289,"column":4},"end":{"line":307,"column":5}},"79":{"start":{"line":290,"column":22},"end":{"line":293,"column":8}},"80":{"start":{"line":295,"column":6},"end":{"line":298,"column":9}},"81":{"start":{"line":300,"column":6},"end":{"line":300,"column":21}},"82":{"start":{"line":302,"column":6},"end":{"line":305,"column":9}},"83":{"start":{"line":306,"column":6},"end":{"line":306,"column":18}},"84":{"start":{"line":317,"column":4},"end":{"line":336,"column":5}},"85":{"start":{"line":318,"column":23},"end":{"line":320,"column":8}},"86":{"start":{"line":322,"column":6},"end":{"line":326,"column":9}},"87":{"start":{"line":328,"column":6},"end":{"line":328,"column":22}},"88":{"start":{"line":330,"column":6},"end":{"line":334,"column":9}},"89":{"start":{"line":335,"column":6},"end":{"line":335,"column":18}},"90":{"start":{"line":346,"column":4},"end":{"line":359,"column":5}},"91":{"start":{"line":347,"column":22},"end":{"line":349,"column":8}},"92":{"start":{"line":351,"column":6},"end":{"line":351,"column":21}},"93":{"start":{"line":353,"column":6},"end":{"line":357,"column":9}},"94":{"start":{"line":358,"column":6},"end":{"line":358,"column":18}},"95":{"start":{"line":369,"column":4},"end":{"line":381,"column":5}},"96":{"start":{"line":370,"column":20},"end":{"line":370,"column":22}},"97":{"start":{"line":371,"column":6},"end":{"line":371,"column":40}},"98":{"start":{"line":371,"column":18},"end":{"line":371,"column":40}},"99":{"start":{"line":372,"column":6},"end":{"line":372,"column":56}},"100":{"start":{"line":372,"column":26},"end":{"line":372,"column":56}},"101":{"start":{"line":374,"column":6},"end":{"line":374,"column":47}},"102":{"start":{"line":376,"column":6},"end":{"line":379,"column":9}},"103":{"start":{"line":380,"column":6},"end":{"line":380,"column":18}},"104":{"start":{"line":385,"column":0},"end":{"line":385,"column":37}}},"fnMap":{"0":{"name":"(anonymous_0)","decl":{"start":{"line":13,"column":2},"end":{"line":13,"column":3}},"loc":{"start":{"line":13,"column":45},"end":{"line":43,"column":3}},"line":13},"1":{"name":"(anonymous_1)","decl":{"start":{"line":52,"column":2},"end":{"line":52,"column":3}},"loc":{"start":{"line":52,"column":61},"end":{"line":82,"column":3}},"line":52},"2":{"name":"(anonymous_2)","decl":{"start":{"line":90,"column":2},"end":{"line":90,"column":3}},"loc":{"start":{"line":90,"column":36},"end":{"line":126,"column":3}},"line":90},"3":{"name":"(anonymous_3)","decl":{"start":{"line":134,"column":2},"end":{"line":134,"column":3}},"loc":{"start":{"line":134,"column":25},"end":{"line":162,"column":3}},"line":134},"4":{"name":"(anonymous_4)","decl":{"start":{"line":170,"column":2},"end":{"line":170,"column":3}},"loc":{"start":{"line":170,"column":34},"end":{"line":193,"column":3}},"line":170},"5":{"name":"(anonymous_5)","decl":{"start":{"line":201,"column":2},"end":{"line":201,"column":3}},"loc":{"start":{"line":201,"column":44},"end":{"line":232,"column":3}},"line":201},"6":{"name":"(anonymous_6)","decl":{"start":{"line":204,"column":25},"end":{"line":204,"column":26}},"loc":{"start":{"line":205,"column":10},"end":{"line":214,"column":12}},"line":205},"7":{"name":"(anonymous_7)","decl":{"start":{"line":240,"column":2},"end":{"line":240,"column":3}},"loc":{"start":{"line":240,"column":44},"end":{"line":280,"column":3}},"line":240},"8":{"name":"(anonymous_8)","decl":{"start":{"line":243,"column":25},"end":{"line":243,"column":26}},"loc":{"start":{"line":244,"column":10},"end":{"line":262,"column":12}},"line":244},"9":{"name":"(anonymous_9)","decl":{"start":{"line":288,"column":2},"end":{"line":288,"column":3}},"loc":{"start":{"line":288,"column":39},"end":{"line":308,"column":3}},"line":288},"10":{"name":"(anonymous_10)","decl":{"start":{"line":316,"column":2},"end":{"line":316,"column":3}},"loc":{"start":{"line":316,"column":42},"end":{"line":337,"column":3}},"line":316},"11":{"name":"(anonymous_11)","decl":{"start":{"line":345,"column":2},"end":{"line":345,"column":3}},"loc":{"start":{"line":345,"column":41},"end":{"line":360,"column":3}},"line":345},"12":{"name":"(anonymous_12)","decl":{"start":{"line":368,"column":2},"end":{"line":368,"column":3}},"loc":{"start":{"line":368,"column":43},"end":{"line":382,"column":3}},"line":368}},"branchMap":{"0":{"loc":{"start":{"line":13,"column":16},"end":{"line":13,"column":29}},"type":"default-arg","locations":[{"start":{"line":13,"column":25},"end":{"line":13,"column":29}}],"line":13},"1":{"loc":{"start":{"line":13,"column":31},"end":{"line":13,"column":43}},"type":"default-arg","locations":[{"start":{"line":13,"column":41},"end":{"line":13,"column":43}}],"line":13},"2":{"loc":{"start":{"line":16,"column":6},"end":{"line":16,"column":40}},"type":"if","locations":[{"start":{"line":16,"column":6},"end":{"line":16,"column":40}},{"start":{},"end":{}}],"line":16},"3":{"loc":{"start":{"line":17,"column":6},"end":{"line":17,"column":56}},"type":"if","locations":[{"start":{"line":17,"column":6},"end":{"line":17,"column":56}},{"start":{},"end":{}}],"line":17},"4":{"loc":{"start":{"line":18,"column":6},"end":{"line":18,"column":65}},"type":"if","locations":[{"start":{"line":18,"column":6},"end":{"line":18,"column":65}},{"start":{},"end":{}}],"line":18},"5":{"loc":{"start":{"line":52,"column":21},"end":{"line":52,"column":34}},"type":"default-arg","locations":[{"start":{"line":52,"column":30},"end":{"line":52,"column":34}}],"line":52},"6":{"loc":{"start":{"line":52,"column":36},"end":{"line":52,"column":59}},"type":"default-arg","locations":[{"start":{"line":52,"column":54},"end":{"line":52,"column":59}}],"line":52},"7":{"loc":{"start":{"line":55,"column":6},"end":{"line":55,"column":40}},"type":"if","locations":[{"start":{"line":55,"column":6},"end":{"line":55,"column":40}},{"start":{},"end":{}}],"line":55},"8":{"loc":{"start":{"line":60,"column":14},"end":{"line":60,"column":51}},"type":"binary-expr","locations":[{"start":{"line":60,"column":14},"end":{"line":60,"column":29}},{"start":{"line":60,"column":33},"end":{"line":60,"column":51}}],"line":60},"9":{"loc":{"start":{"line":67,"column":6},"end":{"line":71,"column":7}},"type":"if","locations":[{"start":{"line":67,"column":6},"end":{"line":71,"column":7}},{"start":{"line":69,"column":13},"end":{"line":71,"column":7}}],"line":67},"10":{"loc":{"start":{"line":90,"column":21},"end":{"line":90,"column":34}},"type":"default-arg","locations":[{"start":{"line":90,"column":30},"end":{"line":90,"column":34}}],"line":90},"11":{"loc":{"start":{"line":93,"column":12},"end":{"line":93,"column":77}},"type":"binary-expr","locations":[{"start":{"line":93,"column":12},"end":{"line":93,"column":19}},{"start":{"line":93,"column":23},"end":{"line":93,"column":77}}],"line":93},"12":{"loc":{"start":{"li
[...]
pr","locations":[{"start":{"line":9,"column":4},"end":{"line":9,"column":15}},{"start":{"line":9,"column":19},"end":{"line":9,"column":29}}],"line":9},"4":{"loc":{"start":{"line":16,"column":22},"end":{"line":16,"column":31}},"type":"binary-expr","locations":[{"start":{"line":16,"column":22},"end":{"line":16,"column":25}},{"start":{"line":16,"column":29},"end":{"line":16,"column":31}}],"line":16},"5":{"loc":{"start":{"line":20,"column":38},"end":{"line":20,"column":47}},"type":"default-arg","locations":[{"start":{"line":20,"column":45},"end":{"line":20,"column":47}}],"line":20},"6":{"loc":{"start":{"line":21,"column":15},"end":{"line":21,"column":64}},"type":"cond-expr","locations":[{"start":{"line":21,"column":44},"end":{"line":21,"column":46}},{"start":{"line":21,"column":49},"end":{"line":21,"column":64}}],"line":21},"7":{"loc":{"start":{"line":24,"column":10},"end":{"line":24,"column":20}},"type":"binary-expr","locations":[{"start":{"line":24,"column":10},"end":{"line":24,"column":14}},{"start":{"line":24,"column":18},"end":{"line":24,"column":20}}],"line":24},"8":{"loc":{"start":{"line":28,"column":2},"end":{"line":35,"column":3}},"type":"if","locations":[{"start":{"line":28,"column":2},"end":{"line":35,"column":3}},{"start":{"line":30,"column":9},"end":{"line":35,"column":3}}],"line":28},"9":{"loc":{"start":{"line":30,"column":9},"end":{"line":35,"column":3}},"type":"if","locations":[{"start":{"line":30,"column":9},"end":{"line":35,"column":3}},{"start":{"line":33,"column":9},"end":{"line":35,"column":3}}],"line":30},"10":{"loc":{"start":{"line":38,"column":2},"end":{"line":38,"column":50}},"type":"if","locations":[{"start":{"line":38,"column":2},"end":{"line":38,"column":50}},{"start":{},"end":{}}],"line":38},"11":{"loc":{"start":{"line":59,"column":10},"end":{"line":59,"column":20}},"type":"binary-expr","locations":[{"start":{"line":59,"column":10},"end":{"line":59,"column":14}},{"start":{"line":59,"column":18},"end":{"line":59,"column":20}}],"line":59},"12":{"loc":{"start":{"line":61,"column":2},"end":{"line":62,"column":48}},"type":"if","locations":[{"start":{"line":61,"column":2},"end":{"line":62,"column":48}},{"start":{"line":62,"column":7},"end":{"line":62,"column":48}}],"line":61}},"s":{"0":0,"1":0,"2":0,"3":0,"4":0,"5":0,"6":0,"7":0,"8":0,"9":0,"10":0,"11":0,"12":0,"13":0,"14":0,"15":0,"16":0,"17":0,"18":0,"19":0,"20":0,"21":0,"22":0,"23":0,"24":0,"25":0,"26":0,"27":0,"28":0,"29":0,"30":0,"31":0,"32":0,"33":0,"34":0,"35":0,"36":0},"f":{"0":0,"1":0,"2":0},"b":{"0":[0,0],"1":[0,0],"2":[0,0],"3":[0,0],"4":[0,0],"5":[0],"6":[0,0],"7":[0,0],"8":[0,0],"9":[0,0],"10":[0,0],"11":[0,0],"12":[0,0]}}
,"/Users/gustsantos/Desktop/initucastt_old/backend/src/utils/flowUtils.js": {"path":"/Users/gustsantos/Desktop/initucastt_old/backend/src/utils/flowUtils.js","statementMap":{"0":{"start":{"line":2,"column":11},"end":{"line":2,"column":24}},"1":{"start":{"line":3,"column":13},"end":{"line":3,"column":28}},"2":{"start":{"line":5,"column":17},"end":{"line":5,"column":51}},"3":{"start":{"line":6,"column":18},"end":{"line":6,"column":50}},"4":{"start":{"line":7,"column":19},"end":{"line":7,"column":56}},"5":{"start":{"line":10,"column":2},"end":{"line":10,"column":76}},"6":{"start":{"line":10,"column":32},"end":{"line":10,"column":76}},"7":{"start":{"line":11,"column":2},"end":{"line":11,"column":67}},"8":{"start":{"line":11,"column":33},"end":{"line":11,"column":67}},"9":{"start":{"line":12,"column":2},"end":{"line":12,"column":69}},"10":{"start":{"line":12,"column":34},"end":{"line":12,"column":69}},"11":{"start":{"line":14,"column":22},"end":{"line":14,"column":31}},"12":{"start":{"line":14,"column":32},"end":{"line":14,"column":86}},"13":{"start":{"line":15,"column":24},"end":{"line":15,"column":33}},"14":{"start":{"line":15,"column":34},"end":{"line":15,"column":90}},"15":{"start":{"line":16,"column":23},"end":{"line":16,"column":32}},"16":{"start":{"line":16,"column":33},"end":{"line":16,"column":88}},"17":{"start":{"line":17,"column":25},"end":{"line":17,"column":34}},"18":{"start":{"line":17,"column":35},"end":{"line":17,"column":92}},"19":{"start":{"line":20,"column":2},"end":{"line":23,"column":5}},"20":{"start":{"line":21,"column":14},"end":{"line":21,"column":69}},"21":{"start":{"line":21,"column":41},"end":{"line":21,"column":62}},"22":{"start":{"line":22,"column":4},"end":{"line":22,"column":38}},"23":{"start":{"line":25,"column":29},"end":{"line":25,"column":98}},"24":{"start":{"line":25,"column":63},"end":{"line":25,"column":91}},"25":{"start":{"line":27,"column":14},"end":{"line":27,"column":25}},"26":{"start":{"line":28,"column":2},"end":{"line":28,"column":93}},"27":{"start":{"line":28,"column":32},"end":{"line":28,"column":89}},"28":{"start":{"line":28,"column":54},"end":{"line":28,"column":89}},"29":{"start":{"line":29,"column":2},"end":{"line":29,"column":13}},"30":{"start":{"line":31,"column":43},"end":{"line":31,"column":79}},"31":{"start":{"line":31,"column":59},"end":{"line":31,"column":78}},"32":{"start":{"line":31,"column":81},"end":{"line":31,"column":108}},"33":{"start":{"line":33,"column":33},"end":{"line":33,"column":43}},"34":{"start":{"line":33,"column":45},"end":{"line":33,"column":58}},"35":{"start":{"line":33,"column":59},"end":{"line":33,"column":73}},"36":{"start":{"line":35,"column":13},"end":{"line":35,"column":23}},"37":{"start":{"line":35,"column":35},"end":{"line":35,"column":64}},"38":{"start":{"line":35,"column":51},"end":{"line":35,"column":63}},"39":{"start":{"line":35,"column":66},"end":{"line":35,"column":84}},"40":{"start":{"line":35,"column":77},"end":{"line":35,"column":84}},"41":{"start":{"line":36,"column":2},"end":{"line":36,"column":70}},"42":{"start":{"line":36,"column":71},"end":{"line":36,"column":85}},"43":{"start":{"line":38,"column":35},"end":{"line":38,"column":46}},"44":{"start":{"line":38,"column":48},"end":{"line":38,"column":62}},"45":{"start":{"line":38,"column":63},"end":{"line":38,"column":78}},"46":{"start":{"line":40,"column":0},"end":{"line":40,"column":117}}},"fnMap":{"0":{"name":"ensure","decl":{"start":{"line":9,"column":9},"end":{"line":9,"column":15}},"loc":{"start":{"line":9,"column":18},"end":{"line":13,"column":1}},"line":9},"1":{"name":"readRuns","decl":{"start":{"line":14,"column":9},"end":{"line":14,"column":17}},"loc":{"start":{"line":14,"column":20},"end":{"line":14,"column":88}},"line":14},"2":{"name":"writeRuns","decl":{"start":{"line":15,"column":9},"end":{"line":15,"column":18}},"loc":{"start":{"line":15,"column":22},"end":{"line":15,"column":92}},"line":15},"3":{"name":"readSteps","decl":{"start":{"line":16,"column":9},"end":{"line":16,"column":18}},"loc":{"start":{"line":16,"column":21},"end":{"line":16,"column":90}},"line":16},"4":{"name":"writeSteps","decl":{"start":{"line":17,"column":9},"end":{"line":17,"column":19}},"loc":{"start":{"line":17,"column":23},"end":{"line":17,"column":94}},"line":17},"5":{"name":"render","decl":{"start":{"line":19,"column":9},"end":{"line":19,"column":15}},"loc":{"start":{"line":19,"column":37},"end":{"line":24,"column":1}},"line":19},"6":{"name":"(anonymous_6)","decl":{"start":{"line":20,"column":56},"end":{"line":20,"column":57}},"loc":{"start":{"line":20,"column":66},"end":{"line":23,"column":3}},"line":20},"7":{"name":"(anonymous_7)","decl":{"start":{"line":21,"column":34},"end":{"line":21,"column":35}},"loc":{"start":{"line":21,"column":41},"end":{"line":21,"column":62}},"line":21},"8":{"name":"getPath","decl":{"start":{"line":25,"column":9},"end":{"line":25,"column":16}},"loc":{"start":{"line":25,"column":27},"end":{"line":25,"column":99}},"line":25},"9":{"name":"(anonymous_9)","decl":{"start":{"line":25,"column":56},"end":{"line":25,"column":57}},"loc":{"start":{"line":25,"column":63},"end":{"line":25,"column":91}},"line":25},"10":{"name":"setVars","decl":{"start":{"line":26,"column":9},"end":{"line":26,"column":16}},"loc":{"start":{"line":26,"column":44},"end":{"line":30,"column":1}},"line":26},"11":{"name":"(anonymous_11)","decl":{"start":{"line":28,"column":25},"end":{"line":28,"column":26}},"loc":{"start":{"line":28,"column":30},"end":{"line":28,"column":91}},"line":28},"12":{"name":"nextOf","decl":{"start":{"line":31,"column":9},"end":{"line":31,"column":15}},"loc":{"start":{"line":31,"column":31},"end":{"line":31,"column":110}},"line":31},"13":{"name":"(anonymous_13)","decl":{"start":{"line":31,"column":54},"end":{"line":31,"column":55}},"loc":{"start":{"line":31,"column":59},"end":{"line":31,"column":78}},"line":31},"14":{"name":"addRun","decl":{"start":{"line":33,"column":9},"end":{"line":33,"column":15}},"loc":{"start":{"line":33,"column":20},"end":{"line":33,"column":75}},"line":33},"15":{"name":"upsertRun","decl":{"start":{"line":34,"column":9},"end":{"line":34,"column":18}},"loc":{"start":{"line":34,"column":32},"end":{"line":37,"column":1}},"line":34},"16":{"name":"(anonymous_16)","decl":{"start":{"line":35,"column":48},"end":{"line":35,"column":49}},"loc":{"start":{"line":35,"column":51},"end":{"line":35,"column":63}},"line":35},"17":{"name":"addStep","decl":{"start":{"line":38,"column":9},"end":{"line":38,"column":16}},"loc":{"start":{"line":38,"column":22},"end":{"line":38,"column":80}},"line":38}},"branchMap":{"0":{"loc":{"start":{"line":10,"column":2},"end":{"line":10,"column":76}},"type":"if","locations":[{"start":{"line":10,"column":2},"end":{"line":10,"column":76}},{"start":{},"end":{}}],"line":10},"1":{"loc":{"start":{"line":11,"column":2},"end":{"line":11,"column":67}},"type":"if","locations":[{"start":{"line":11,"column":2},"end":{"line":11,"column":67}},{"start":{},"end":{}}],"line":11},"2":{"loc":{"start":{"line":12,"column":2},"end":{"line":12,"column":69}},"type":"if","locations":[{"start":{"line":12,"column":2},"end":{"line":12,"column":69}},{"start":{},"end":{}}],"line":12},"3":{"loc":{"start":{"line":19,"column":16},"end":{"line":19,"column":24}},"type":"default-arg","locations":[{"start":{"line":19,"column":22},"end":{"line":19,"column":24}}],"line":19},"4":{"loc":{"start":{"line":19,"column":26},"end":{"line":19,"column":35}},"type":"default-arg","locations":[{"start":{"line":19,"column":33},"end":{"line":19,"column":35}}],"line":19},"5":{"loc":{"start":{"line":21,"column":41},"end":{"line":21,"column":62}},"type":"cond-expr","locations":[{"start":{"line":21,"column":55},"end":{"line":21,"column":59}},{"start":{"line":21,"column":60},"end":{"line":21,"column":62}}],"line":21},"6":{"loc":{"start":{"line":21,"column":41},"end":{"line":21,"column":54}},"type":"binary-expr","locations":[{"start":{"line":21,"column":41},"end":{"line":21,"column":42}},{"start":{"line":21,"column":44},"end":{"line":21,"column":54}}],"line":21},"7":{"loc":{"start":{"line":22,"column":11},"end":{"line":22,"column":37}},"type":"cond-expr","locations":[{"start":{"line":22,"column":23},"end":{"line":22,"column":25}},{"start":{"line":22,"column":28},"end":{"line":22,"column":37}}],"line":22},"8":{"loc":{"start":{"line":25,"column":22},"end":{"line":25,"column":26}},"type":"default-arg","locations":[{"start":{"line":25,"column":24},"end":{"line":25,"column":26}}],"line":25},"9":{"loc":{"start":{"line":25,"column":63},"end":{"line":25,"column":91}},"type":"cond-expr","locations":[{"start":{"line":25,"column":77},"end":{"line":25,"column":81}},{"start":{"line":25,"column":82},"end":{"line":25,"column":91}}],"line":25},"10":{"loc":{"start":{"line":25,"column":63},"end":{"line":25,"column":76}},"type":"binary-expr","locations":[{"start":{"line":25,"column":63},"end":{"line":25,"column":64}},{"start":{"line":25,"column":66},"end":{"line":25,"column":76}}],"line":25},"11":{"loc":{"start":{"line":26,"column":23},"end":{"line":26,"column":36}},"type":"default-arg","locations":[{"start":{"line":26,"column":34},"end":{"line":26,"column":36}}],"line":26},"12":{"loc":{"start":{"line":28,"column":3},"end":{"line":28,"column":15}},"type":"binary-expr","locations":[{"start":{"line":28,"column":3},"end":{"line":28,"column":11}},{"start":{"line":28,"column":13},"end":{"line":28,"column":15}}],"line":28},"13":{"loc":{"start":{"line":28,"column":32},"end":{"line":28,"column":89}},"type":"if","locations":[{"start":{"line":28,"column":32},"end":{"line":28,"column":89}},{"start":{},"end":{}}],"line":28},"14":{"loc":{"start":{"line":28,"column":35},"end":{"line":28,"column":52}},"type":"binary-expr","locations":[{"start":{"line":28,"column":35},"end":{"line":28,"column":41}},{"start":{"line":28,"column":45},"end":{"line":28,"column":52}}],"line":28},"15":{"loc":{"start":{"line":31,"column":88},"end":{"line":31,"column":107}},"type":"cond-expr","locations":[{"start":{"line":31,"column":92},"end":{"line":31,"column":100}},{"start":{"line":31,"column":103},"end":{"line":31,"column":107}}],"line":31},"16":{"loc":{"start":{"line":35,"column":66},"end":{"line":35,"column":84}},"type":"if","locations":[{"start":{"line":35,"column":66},"end":{"line":35,"column":84}},{"start":{},"end":{}}],"line":35}},"s":{"0":0,"1":0,"2":0,"3":0,"4":0,"5":0,"6":0,"7":0,"8":0,"9":0,"10":0,"11":0,"12":0,"13":0,"14":0,"15":0,"16":0,"17":0,"18":0,"19":0,"20":0,"21":0,"22":0,"23":0,"24":0,"25":0,"26":0,"27":0,"28":0,"29":0,"30":0,"31":0,"32":0,"33":0,"34":0,"35":0,"36":0,"37":0,"38":0,"39":0,"40":0,"41":0,"42":0,"43":0,"44":0,"45":0,"46":0},"f":{"0":0,"1":0,"2":0,"3":0,"4":0,"5":0,"6":0,"7":0,"8":0,"9":0,"10":0,"11":0,"12":0,"13":0,"14":0,"15":0,"16":0,"17":0},"b":{"0":[0,0],"1":[0,0],"2":[0,0],"3":[0],"4":[0],"5":[0,0],"6":[0,0],"7":[0,0],"8":[0],"9":[0,0],"10":[0,0],"11":[0],"12":[0,0],"13":[0,0],"14":[0,0],"15":[0,0],"16":[0,0]}}
,"/Users/gustsantos/Desktop/initucastt_old/backend/src/utils/isoDuration.js": {"path":"/Users/gustsantos/Desktop/initucastt_old/backend/src/utils/isoDuration.js","statementMap":{"0":{"start":{"line":2,"column":2},"end":{"line":2,"column":21}},"1":{"start":{"line":2,"column":12},"end":{"line":2,"column":21}},"2":{"start":{"line":3,"column":12},"end":{"line":3,"column":68}},"3":{"start":{"line":4,"column":2},"end":{"line":4,"column":19}},"4":{"start":{"line":4,"column":10},"end":{"line":4,"column":19}},"5":{"start":{"line":5,"column":15},"end":{"line":5,"column":35}},"6":{"start":{"line":6,"column":16},"end":{"line":6,"column":36}},"7":{"start":{"line":7,"column":15},"end":{"line":7,"column":35}},"8":{"start":{"line":8,"column":2},"end":{"line":8,"column":45}},"9":{"start":{"line":10,"column":0},"end":{"line":10,"column":42}}},"fnMap":{"0":{"name":"parseISODurationToMs","decl":{"start":{"line":1,"column":9},"end":{"line":1,"column":29}},"loc":{"start":{"line":1,"column":35},"end":{"line":9,"column":1}},"line":1}},"branchMap":{"0":{"loc":{"start":{"line":2,"column":2},"end":{"line":2,"column":21}},"type":"if","locations":[{"start":{"line":2,"column":2},"end":{"line":2,"column":21}},{"start":{},"end":{}}],"line":2},"1":{"loc":{"start":{"line":4,"column":2},"end":{"line":4,"column":19}},"type":"if","locations":[{"start":{"line":4,"column":2},"end":{"line":4,"column":19}},{"start":{},"end":{}}],"line":4},"2":{"loc":{"start":{"line":5,"column":24},"end":{"line":5,"column":31}},"type":"binary-expr","locations":[{"start":{"line":5,"column":24},"end":{"line":5,"column":28}},{"start":{"line":5,"column":30},"end":{"line":5,"column":31}}],"line":5},"3":{"loc":{"start":{"line":6,"column":25},"end":{"line":6,"column":32}},"type":"binary-expr","locations":[{"start":{"line":6,"column":25},"end":{"line":6,"column":29}},{"start":{"line":6,"column":31},"end":{"line":6,"column":32}}],"line":6},"4":{"loc":{"start":{"line":7,"column":24},"end":{"line":7,"column":31}},"type":"binary-expr","locations":[{"start":{"line":7,"column":24},"end":{"line":7,"column":28}},{"start":{"line":7,"column":30},"end":{"line":7,"column":31}}],"line":7}},"s":{"0":0,"1":0,"2":0,"3":0,"4":0,"5":0,"6":0,"7":0,"8":0,"9":0},"f":{"0":0},"b":{"0":[0,0],"1":[0,0],"2":[0,0],"3":[0,0],"4":[0,0]}}
,"/Users/gustsantos/Desktop/initucastt_old/backend/src/utils/logger.js": {"path":"/Users/gustsantos/Desktop/initucastt_old/backend/src/utils/logger.js","statementMap":{"0":{"start":{"line":1,"column":16},"end":{"line":1,"column":34}},"1":{"start":{"line":2,"column":13},"end":{"line":2,"column":28}},"2":{"start":{"line":4,"column":17},"end":{"line":4,"column":48}},"3":{"start":{"line":5,"column":16},"end":{"line":5,"column":53}},"4":{"start":{"line":7,"column":15},"end":{"line":31,"column":2}},"5":{"start":{"line":34,"column":0},"end":{"line":49,"column":1}},"6":{"start":{"line":35,"column":2},"end":{"line":48,"column":4}},"7":{"start":{"line":40,"column":20},"end":{"line":40,"column":57}},"8":{"start":{"line":41,"column":10},"end":{"line":43,"column":11}},"9":{"start":{"line":42,"column":12},"end":{"line":42,"column":50}},"10":{"start":{"line":44,"column":10},"end":{"line":44,"column":21}},"11":{"start":{"line":51,"column":0},"end":{"line":51,"column":24}}},"fnMap":{"0":{"name":"(anonymous_0)","decl":{"start":{"line":39,"column":30},"end":{"line":39,"column":31}},"loc":{"start":{"line":39,"column":78},"end":{"line":45,"column":9}},"line":39}},"branchMap":{"0":{"loc":{"start":{"line":4,"column":17},"end":{"line":4,"column":48}},"type":"binary-expr","locations":[{"start":{"line":4,"column":17},"end":{"line":4,"column":38}},{"start":{"line":4,"column":42},"end":{"line":4,"column":48}}],"line":4},"1":{"loc":{"start":{"line":5,"column":16},"end":{"line":5,"column":53}},"type":"binary-expr","locations":[{"start":{"line":5,"column":16},"end":{"line":5,"column":36}},{"start":{"line":5,"column":40},"end":{"line":5,"column":53}}],"line":5},"2":{"loc":{"start":{"line":34,"column":0},"end":{"line":49,"column":1}},"type":"if","locations":[{"start":{"line":34,"column":0},"end":{"line":49,"column":1}},{"start":{},"end":{}}],"line":34},"3":{"loc":{"start":{"line":41,"column":10},"end":{"line":43,"column":11}},"type":"if","locations":[{"start":{"line":41,"column":10},"end":{"line":43,"column":11}},{"start":{},"end":{}}],"line":41}},"s":{"0":0,"1":0,"2":0,"3":0,"4":0,"5":0,"6":0,"7":0,"8":0,"9":0,"10":0,"11":0},"f":{"0":0},"b":{"0":[0,0],"1":[0,0],"2":[0,0],"3":[0,0]}}
,"/Users/gustsantos/Desktop/initucastt_old/backend/src/utils/messagingService.js": {"path":"/Users/gustsantos/Desktop/initucastt_old/backend/src/utils/messagingService.js","statementMap":{"0":{"start":{"line":2,"column":15},"end":{"line":2,"column":32}},"1":{"start":{"line":4,"column":19},"end":{"line":4,"column":49}},"2":{"start":{"line":5,"column":18},"end":{"line":5,"column":47}},"3":{"start":{"line":6,"column":15},"end":{"line":6,"column":44}},"4":{"start":{"line":8,"column":17},"end":{"line":8,"column":46}},"5":{"start":{"line":9,"column":22},"end":{"line":9,"column":56}},"6":{"start":{"line":15,"column":2},"end":{"line":29,"column":3}},"7":{"start":{"line":16,"column":24},"end":{"line":16,"column":70}},"8":{"start":{"line":17,"column":17},"end":{"line":17,"column":66}},"9":{"start":{"line":19,"column":20},"end":{"line":23,"column":6}},"10":{"start":{"line":25,"column":4},"end":{"line":25,"column":19}},"11":{"start":{"line":27,"column":4},"end":{"line":27,"column":51}},"12":{"start":{"line":28,"column":4},"end":{"line":28,"column":14}},"13":{"start":{"line":32,"column":0},"end":{"line":34,"column":2}}},"fnMap":{"0":{"name":"sendMessage","decl":{"start":{"line":14,"column":15},"end":{"line":14,"column":26}},"loc":{"start":{"line":14,"column":53},"end":{"line":30,"column":1}},"line":14}},"branchMap":{"0":{"loc":{"start":{"line":16,"column":24},"end":{"line":16,"column":70}},"type":"cond-expr","locations":[{"start":{"line":16,"column":49},"end":{"line":16,"column":65}},{"start":{"line":16,"column":68},"end":{"line":16,"column":70}}],"line":16},"1":{"loc":{"start":{"line":17,"column":17},"end":{"line":17,"column":66}},"type":"cond-expr","locations":[{"start":{"line":17,"column":42},"end":{"line":17,"column":55}},{"start":{"line":17,"column":58},"end":{"line":17,"column":66}}],"line":17}},"s":{"0":0,"1":0,"2":0,"3":0,"4":0,"5":0,"6":0,"7":0,"8":0,"9":0,"10":0,"11":0,"12":0,"13":0},"f":{"0":0},"b":{"0":[0,0],"1":[0,0]}}
}
