TN:
SF:src/db/prismaClient.js
FNF:0
FNH:0
DA:1,0
DA:2,0
DA:3,0
LF:3
LH:0
BRF:0
BRH:0
end_of_record
TN:
SF:src/engine/flowEngine.js
FN:13,load
FN:17,saveRuns
FN:20,renderTemplate
FN:21,(anonymous_3)
FN:23,findNode
FN:23,(anonymous_5)
FN:25,stepSend
FN:35,stepWait
FN:40,stepWaitForReply
FN:46,evalBranchExpr
FN:49,(anonymous_10)
FN:51,(anonymous_11)
FN:53,stepBranch
FN:72,stepEnd
FN:74,processRun
FN:76,(anonymous_15)
FN:92,tick
FN:94,(anonymous_17)
FN:98,startEngine
FN:100,startFlow
FN:101,(anonymous_20)
FN:102,(anonymous_21)
FN:107,(anonymous_22)
FN:109,registerReply
FN:113,listRuns
FN:113,(anonymous_25)
FNF:26
FNH:0
FNDA:0,load
FNDA:0,saveRuns
FNDA:0,renderTemplate
FNDA:0,(anonymous_3)
FNDA:0,findNode
FNDA:0,(anonymous_5)
FNDA:0,stepSend
FNDA:0,stepWait
FNDA:0,stepWaitForReply
FNDA:0,evalBranchExpr
FNDA:0,(anonymous_10)
FNDA:0,(anonymous_11)
FNDA:0,stepBranch
FNDA:0,stepEnd
FNDA:0,processRun
FNDA:0,(anonymous_15)
FNDA:0,tick
FNDA:0,(anonymous_17)
FNDA:0,startEngine
FNDA:0,startFlow
FNDA:0,(anonymous_20)
FNDA:0,(anonymous_21)
FNDA:0,(anonymous_22)
FNDA:0,registerReply
FNDA:0,listRuns
FNDA:0,(anonymous_25)
DA:1,0
DA:2,0
DA:3,0
DA:4,0
DA:6,0
DA:7,0
DA:9,0
DA:10,0
DA:11,0
DA:14,0
DA:15,0
DA:18,0
DA:21,0
DA:23,0
DA:26,0
DA:27,0
DA:32,0
DA:33,0
DA:36,0
DA:37,0
DA:38,0
DA:41,0
DA:42,0
DA:43,0
DA:44,0
DA:47,0
DA:48,0
DA:49,0
DA:50,0
DA:51,0
DA:54,0
DA:55,0
DA:56,0
DA:58,0
DA:59,0
DA:60,0
DA:62,0
DA:64,0
DA:65,0
DA:66,0
DA:68,0
DA:69,0
DA:70,0
DA:72,0
DA:75,0
DA:76,0
DA:77,0
DA:79,0
DA:80,0
DA:82,0
DA:83,0
DA:84,0
DA:85,0
DA:86,0
DA:87,0
DA:88,0
DA:89,0
DA:93,0
DA:94,0
DA:95,0
DA:96,0
DA:98,0
DA:101,0
DA:102,0
DA:107,0
DA:110,0
DA:111,0
DA:113,0
DA:115,0
LF:69
LH:0
BRDA:15,0,0,0
BRDA:15,0,1,0
BRDA:21,1,0,0
BRDA:21,1,1,0
BRDA:21,2,0,0
BRDA:21,2,1,0
BRDA:28,3,0,0
BRDA:28,3,1,0
BRDA:28,3,2,0
BRDA:47,4,0,0
BRDA:47,4,1,0
BRDA:48,5,0,0
BRDA:48,5,1,0
BRDA:58,6,0,0
BRDA:58,6,1,0
BRDA:58,7,0,0
BRDA:58,7,1,0
BRDA:58,7,2,0
BRDA:59,8,0,0
BRDA:59,8,1,0
BRDA:60,9,0,0
BRDA:60,9,1,0
BRDA:62,10,0,0
BRDA:62,10,1,0
BRDA:62,11,0,0
BRDA:62,11,1,0
BRDA:64,12,0,0
BRDA:64,12,1,0
BRDA:64,13,0,0
BRDA:64,13,1,0
BRDA:65,14,0,0
BRDA:65,14,1,0
BRDA:69,15,0,0
BRDA:69,15,1,0
BRDA:75,16,0,0
BRDA:75,16,1,0
BRDA:76,17,0,0
BRDA:76,17,1,0
BRDA:77,18,0,0
BRDA:77,18,1,0
BRDA:80,19,0,0
BRDA:80,19,1,0
BRDA:82,20,0,0
BRDA:82,20,1,0
BRDA:82,20,2,0
BRDA:82,20,3,0
BRDA:82,20,4,0
BRDA:82,20,5,0
BRDA:82,20,6,0
BRDA:83,21,0,0
BRDA:83,21,1,0
BRDA:94,22,0,0
BRDA:94,22,1,0
BRDA:94,23,0,0
BRDA:94,23,1,0
BRDA:96,24,0,0
BRDA:96,24,1,0
BRDA:100,25,0,0
BRDA:101,26,0,0
BRDA:101,26,1,0
BRF:60
BRH:0
end_of_record
TN:
SF:src/middleware/auth.js
FN:11,authenticateToken
FN:24,(anonymous_1)
FN:44,optionalAuth
FN:52,(anonymous_3)
FN:65,generateToken
FN:86,verifyToken
FNF:6
FNH:0
FNDA:0,authenticateToken
FNDA:0,(anonymous_1)
FNDA:0,optionalAuth
FNDA:0,(anonymous_3)
FNDA:0,generateToken
FNDA:0,verifyToken
DA:1,0
DA:2,0
DA:4,0
DA:5,0
DA:12,0
DA:13,0
DA:15,0
DA:16,0
DA:21,0
DA:24,0
DA:25,0
DA:26,0
DA:31,0
DA:34,0
DA:35,0
DA:36,0
DA:45,0
DA:46,0
DA:48,0
DA:49,0
DA:52,0
DA:53,0
DA:54,0
DA:56,0
DA:66,0
DA:67,0
DA:70,0
DA:87,0
DA:88,0
DA:90,0
DA:91,0
DA:95,0
LF:32
LH:0
BRDA:4,0,0,0
BRDA:4,0,1,0
BRDA:5,1,0,0
BRDA:5,1,1,0
BRDA:13,2,0,0
BRDA:13,2,1,0
BRDA:15,3,0,0
BRDA:15,3,1,0
BRDA:25,4,0,0
BRDA:25,4,1,0
BRDA:46,5,0,0
BRDA:46,5,1,0
BRDA:48,6,0,0
BRDA:48,6,1,0
BRDA:53,7,0,0
BRDA:53,7,1,0
BRDA:66,8,0,0
BRDA:66,8,1,0
BRDA:66,9,0,0
BRDA:66,9,1,0
BRDA:74,10,0,0
BRDA:74,10,1,0
BRF:22
BRH:0
end_of_record
TN:
SF:src/middleware/errorHandler.js
FN:7,errorHandler
FN:108,notFoundHandler
FN:127,asyncHandler
FN:128,(anonymous_3)
FNF:4
FNH:1
FNDA:0,errorHandler
FNDA:0,notFoundHandler
FNDA:34,asyncHandler
FNDA:0,(anonymous_3)
DA:1,2
DA:9,0
DA:20,0
DA:23,0
DA:24,0
DA:25,0
DA:28,0
DA:29,0
DA:30,0
DA:31,0
DA:32,0
DA:33,0
DA:34,0
DA:35,0
DA:36,0
DA:37,0
DA:38,0
DA:39,0
DA:40,0
DA:41,0
DA:42,0
DA:43,0
DA:44,0
DA:45,0
DA:46,0
DA:50,0
DA:51,0
DA:53,0
DA:54,0
DA:55,0
DA:56,0
DA:58,0
DA:59,0
DA:60,0
DA:62,0
DA:63,0
DA:64,0
DA:66,0
DA:67,0
DA:72,0
DA:73,0
DA:74,0
DA:75,0
DA:83,0
DA:84,0
DA:85,0
DA:89,0
DA:93,0
DA:94,0
DA:97,0
DA:98,0
DA:99,0
DA:102,0
DA:109,0
DA:115,0
DA:128,34
DA:129,0
DA:133,2
LF:58
LH:3
BRDA:23,0,0,0
BRDA:23,0,1,0
BRDA:23,0,2,0
BRDA:24,1,0,0
BRDA:24,1,1,0
BRDA:28,2,0,0
BRDA:28,2,1,0
BRDA:32,3,0,0
BRDA:32,3,1,0
BRDA:32,4,0,0
BRDA:32,4,1,0
BRDA:35,5,0,0
BRDA:35,5,1,0
BRDA:38,6,0,0
BRDA:38,6,1,0
BRDA:41,7,0,0
BRDA:41,7,1,0
BRDA:44,8,0,0
BRDA:44,8,1,0
BRDA:50,9,0,0
BRDA:50,9,1,0
BRDA:51,10,0,0
BRDA:51,10,1,0
BRDA:51,10,2,0
BRDA:51,10,3,0
BRDA:67,11,0,0
BRDA:67,11,1,0
BRDA:72,12,0,0
BRDA:72,12,1,0
BRDA:72,13,0,0
BRDA:72,13,1,0
BRDA:72,13,2,0
BRDA:74,14,0,0
BRDA:74,14,1,0
BRDA:83,15,0,0
BRDA:83,15,1,0
BRDA:83,16,0,0
BRDA:83,16,1,0
BRDA:85,17,0,0
BRDA:85,17,1,0
BRDA:93,18,0,0
BRDA:93,18,1,0
BRDA:97,19,0,0
BRDA:97,19,1,0
BRDA:97,20,0,0
BRDA:97,20,1,0
BRF:46
BRH:0
end_of_record
TN:
SF:src/middleware/rateLimiter.js
FN:14,(anonymous_0)
FN:26,(anonymous_1)
FN:41,(anonymous_2)
FN:58,(anonymous_3)
FN:80,(anonymous_4)
FN:97,createRateLimiter
FN:103,(anonymous_6)
FNF:7
FNH:0
FNDA:0,(anonymous_0)
FNDA:0,(anonymous_1)
FNDA:0,(anonymous_2)
FNDA:0,(anonymous_3)
FNDA:0,(anonymous_4)
FNDA:0,createRateLimiter
FNDA:0,(anonymous_6)
DA:1,2
DA:2,2
DA:8,2
DA:15,0
DA:20,0
DA:28,0
DA:37,2
DA:42,0
DA:46,0
DA:54,2
DA:59,0
DA:64,0
DA:76,2
DA:81,0
DA:85,0
DA:98,0
DA:104,0
DA:108,0
DA:115,0
DA:118,2
LF:20
LH:7
BRDA:97,0,0,0
BRF:1
BRH:0
end_of_record
TN:
SF:src/middleware/validation.js
FN:75,validate
FN:76,(anonymous_1)
FN:90,(anonymous_2)
FN:122,validateQuery
FN:123,(anonymous_4)
FN:130,(anonymous_5)
FN:149,validateParams
FN:150,(anonymous_7)
FN:154,(anonymous_8)
FNF:9
FNH:1
FNDA:10,validate
FNDA:0,(anonymous_1)
FNDA:0,(anonymous_2)
FNDA:0,validateQuery
FNDA:0,(anonymous_4)
FNDA:0,(anonymous_5)
FNDA:0,validateParams
FNDA:0,(anonymous_7)
FNDA:0,(anonymous_8)
DA:1,2
DA:2,2
DA:5,2
DA:76,10
DA:77,0
DA:79,0
DA:80,0
DA:81,0
DA:84,0
DA:89,0
DA:90,0
DA:95,0
DA:102,0
DA:109,0
DA:110,0
DA:112,0
DA:113,0
DA:123,0
DA:124,0
DA:129,0
DA:130,0
DA:135,0
DA:136,0
DA:139,0
DA:140,0
DA:150,0
DA:151,0
DA:153,0
DA:154,0
DA:159,0
DA:160,0
DA:163,0
DA:164,0
DA:168,2
LF:34
LH:5
BRDA:79,0,0,0
BRDA:79,0,1,0
BRDA:89,1,0,0
BRDA:89,1,1,0
BRDA:129,2,0,0
BRDA:129,2,1,0
BRDA:153,3,0,0
BRDA:153,3,1,0
BRF:8
BRH:0
end_of_record
TN:
SF:src/queues/flowQueue.js
FNF:0
FNH:0
DA:2,2
DA:3,2
DA:4,2
DA:10,2
DA:12,2
LF:5
LH:5
BRF:0
BRH:0
end_of_record
TN:
SF:src/queues/messageQueue.js
FN:11,(anonymous_0)
FN:20,(anonymous_1)
FN:24,(anonymous_2)
FN:31,(anonymous_3)
FN:82,(anonymous_4)
FN:86,(anonymous_5)
FN:91,(anonymous_6)
FNF:7
FNH:0
FNDA:0,(anonymous_0)
FNDA:0,(anonymous_1)
FNDA:0,(anonymous_2)
FNDA:0,(anonymous_3)
FNDA:0,(anonymous_4)
FNDA:0,(anonymous_5)
FNDA:0,(anonymous_6)
DA:1,0
DA:2,0
DA:3,0
DA:6,0
DA:12,0
DA:13,0
DA:18,0
DA:20,0
DA:21,0
DA:24,0
DA:25,0
DA:31,0
DA:32,0
DA:39,0
DA:62,0
DA:82,0
DA:83,0
DA:86,0
DA:87,0
DA:91,0
DA:92,0
DA:93,0
DA:94,0
DA:96,0
DA:97,0
DA:100,0
DA:101,0
DA:104,0
DA:108,0
LF:29
LH:0
BRDA:7,0,0,0
BRDA:7,0,1,0
BRDA:8,1,0,0
BRDA:8,1,1,0
BRDA:96,2,0,0
BRDA:96,2,1,0
BRDA:96,3,0,0
BRDA:96,3,1,0
BRDA:100,4,0,0
BRDA:100,4,1,0
BRDA:100,5,0,0
BRDA:100,5,1,0
BRF:12
BRH:0
end_of_record
TN:
SF:src/repositories/journeyRepository.js
FN:13,(anonymous_0)
FN:50,(anonymous_1)
FN:80,(anonymous_2)
FN:122,(anonymous_3)
FN:168,(anonymous_4)
FN:199,(anonymous_5)
FN:240,(anonymous_6)
FNF:7
FNH:7
FNDA:3,(anonymous_0)
FNDA:4,(anonymous_1)
FNDA:3,(anonymous_2)
FNDA:2,(anonymous_3)
FNDA:2,(anonymous_4)
FNDA:1,(anonymous_5)
FNDA:2,(anonymous_6)
DA:1,3
DA:2,3
DA:4,3
DA:14,3
DA:15,3
DA:16,3
DA:17,3
DA:19,3
DA:32,3
DA:33,3
DA:35,0
DA:40,0
DA:51,4
DA:52,4
DA:53,4
DA:55,4
DA:57,4
DA:58,2
DA:60,2
DA:63,4
DA:65,0
DA:70,0
DA:81,3
DA:82,3
DA:90,3
DA:91,1
DA:94,3
DA:98,3
DA:104,3
DA:106,0
DA:111,0
DA:123,2
DA:124,2
DA:125,2
DA:127,2
DA:128,2
DA:129,2
DA:130,2
DA:131,2
DA:133,2
DA:135,2
DA:140,2
DA:146,2
DA:148,0
DA:149,0
DA:150,0
DA:153,0
DA:158,0
DA:169,2
DA:170,2
DA:171,2
DA:173,2
DA:175,2
DA:177,2
DA:179,0
DA:180,0
DA:181,0
DA:184,0
DA:189,0
DA:200,1
DA:201,1
DA:203,1
DA:204,0
DA:207,1
DA:217,1
DA:223,1
DA:225,0
DA:230,0
DA:241,2
DA:242,2
DA:243,2
DA:244,2
DA:246,2
DA:248,0
DA:252,0
DA:257,3
LF:76
LH:55
BRDA:13,0,0,1
BRDA:13,1,0,2
BRDA:16,2,0,1
BRDA:16,2,1,2
BRDA:17,3,0,1
BRDA:17,3,1,2
BRDA:50,4,0,2
BRDA:53,5,0,1
BRDA:53,5,1,3
BRDA:57,6,0,2
BRDA:57,6,1,2
BRDA:80,7,0,1
BRDA:83,8,0,3
BRDA:83,8,1,2
BRDA:84,9,0,3
BRDA:84,9,1,0
BRDA:85,10,0,3
BRDA:85,10,1,0
BRDA:86,11,0,3
BRDA:86,11,1,0
BRDA:87,12,0,3
BRDA:87,12,1,2
BRDA:90,13,0,1
BRDA:90,13,1,2
BRDA:122,14,0,2
BRDA:125,15,0,0
BRDA:125,15,1,2
BRDA:128,16,0,1
BRDA:128,16,1,1
BRDA:129,17,0,0
BRDA:129,17,1,2
BRDA:130,18,0,0
BRDA:130,18,1,2
BRDA:131,19,0,0
BRDA:131,19,1,2
BRDA:148,20,0,0
BRDA:148,20,1,0
BRDA:168,21,0,2
BRDA:171,22,0,0
BRDA:171,22,1,2
BRDA:179,23,0,0
BRDA:179,23,1,0
BRDA:199,24,0,1
BRDA:203,25,0,0
BRDA:203,25,1,1
BRDA:240,26,0,1
BRDA:240,27,0,2
BRDA:243,28,0,1
BRDA:243,28,1,1
BRDA:244,29,0,0
BRDA:244,29,1,2
BRF:51
BRH:37
end_of_record
TN:
SF:src/repositories/runRepository.js
FN:13,(anonymous_0)
FN:52,(anonymous_1)
FN:90,(anonymous_2)
FN:134,(anonymous_3)
FN:170,(anonymous_4)
FN:201,(anonymous_5)
FN:204,(anonymous_6)
FN:240,(anonymous_7)
FN:243,(anonymous_8)
FN:288,(anonymous_9)
FN:316,(anonymous_10)
FN:345,(anonymous_11)
FN:368,(anonymous_12)
FNF:13
FNH:9
FNDA:2,(anonymous_0)
FNDA:2,(anonymous_1)
FNDA:1,(anonymous_2)
FNDA:1,(anonymous_3)
FNDA:0,(anonymous_4)
FNDA:1,(anonymous_5)
FNDA:2,(anonymous_6)
FNDA:0,(anonymous_7)
FNDA:0,(anonymous_8)
FNDA:1,(anonymous_9)
FNDA:1,(anonymous_10)
FNDA:2,(anonymous_11)
FNDA:0,(anonymous_12)
DA:1,3
DA:2,3
DA:4,3
DA:14,2
DA:15,2
DA:16,2
DA:17,2
DA:18,2
DA:20,2
DA:33,2
DA:34,2
DA:36,0
DA:41,0
DA:53,2
DA:54,2
DA:55,2
DA:57,2
DA:67,2
DA:68,2
DA:70,0
DA:73,2
DA:75,0
DA:80,0
DA:91,1
DA:92,1
DA:101,1
DA:102,1
DA:103,1
DA:104,1
DA:106,1
DA:110,1
DA:117,1
DA:119,0
DA:124,0
DA:135,1
DA:136,1
DA:138,1
DA:143,1
DA:149,1
DA:151,0
DA:152,0
DA:153,0
DA:156,0
DA:160,0
DA:171,0
DA:172,0
DA:173,0
DA:175,0
DA:177,0
DA:179,0
DA:181,0
DA:182,0
DA:183,0
DA:186,0
DA:191,0
DA:202,1
DA:203,1
DA:205,2
DA:218,1
DA:223,1
DA:225,0
DA:230,0
DA:241,0
DA:242,0
DA:244,0
DA:266,0
DA:271,0
DA:273,0
DA:278,0
DA:289,1
DA:290,1
DA:295,1
DA:300,1
DA:302,0
DA:306,0
DA:317,1
DA:318,1
DA:322,1
DA:328,1
DA:330,0
DA:335,0
DA:346,2
DA:347,2
DA:351,2
DA:353,0
DA:358,0
DA:369,0
DA:370,0
DA:371,0
DA:372,0
DA:374,0
DA:376,0
DA:380,0
DA:385,3
LF:94
LH:49
BRDA:13,0,0,1
BRDA:13,1,0,1
BRDA:16,2,0,0
BRDA:16,2,1,2
BRDA:17,3,0,1
BRDA:17,3,1,1
BRDA:18,4,0,0
BRDA:18,4,1,2
BRDA:52,5,0,1
BRDA:52,6,0,1
BRDA:55,7,0,0
BRDA:55,7,1,2
BRDA:60,8,0,2
BRDA:60,8,1,1
BRDA:67,9,0,2
BRDA:67,9,1,0
BRDA:90,10,0,1
BRDA:93,11,0,1
BRDA:93,11,1,0
BRDA:95,12,0,1
BRDA:95,12,1,0
BRDA:96,13,0,1
BRDA:96,13,1,0
BRDA:97,14,0,1
BRDA:97,14,1,1
BRDA:98,15,0,1
BRDA:98,15,1,0
BRDA:101,16,0,0
BRDA:101,16,1,1
BRDA:102,17,0,0
BRDA:102,17,1,1
BRDA:103,18,0,0
BRDA:103,18,1,1
BRDA:104,19,0,0
BRDA:104,19,1,1
BRDA:151,20,0,0
BRDA:151,20,1,0
BRDA:170,21,0,0
BRDA:173,22,0,0
BRDA:173,22,1,0
BRDA:181,23,0,0
BRDA:181,23,1,0
BRDA:209,24,0,2
BRDA:209,24,1,0
BRDA:210,25,0,2
BRDA:210,25,1,2
BRDA:211,26,0,2
BRDA:211,26,1,0
BRDA:212,27,0,2
BRDA:212,27,1,2
BRDA:245,28,0,0
BRDA:245,28,1,0
BRDA:257,29,0,0
BRDA:257,29,1,0
BRDA:259,30,0,0
BRDA:259,30,1,0
BRDA:260,31,0,0
BRDA:260,31,1,0
BRDA:368,32,0,0
BRDA:368,33,0,0
BRDA:371,34,0,0
BRDA:371,34,1,0
BRDA:372,35,0,0
BRDA:372,35,1,0
BRF:64
BRH:29
end_of_record
TN:
SF:src/repositories/userRepository.js
FN:13,(anonymous_0)
FN:47,(anonymous_1)
FN:83,(anonymous_2)
FN:124,(anonymous_3)
FN:175,(anonymous_4)
FN:236,(anonymous_5)
FN:265,(anonymous_6)
FN:300,(anonymous_7)
FNF:8
FNH:0
FNDA:0,(anonymous_0)
FNDA:0,(anonymous_1)
FNDA:0,(anonymous_2)
FNDA:0,(anonymous_3)
FNDA:0,(anonymous_4)
FNDA:0,(anonymous_5)
FNDA:0,(anonymous_6)
FNDA:0,(anonymous_7)
DA:1,0
DA:2,0
DA:3,0
DA:5,0
DA:14,0
DA:15,0
DA:16,0
DA:18,0
DA:32,0
DA:33,0
DA:35,0
DA:38,0
DA:48,0
DA:49,0
DA:61,0
DA:62,0
DA:64,0
DA:67,0
DA:69,0
DA:73,0
DA:84,0
DA:85,0
DA:94,0
DA:95,0
DA:98,0
DA:103,0
DA:104,0
DA:106,0
DA:109,0
DA:111,0
DA:115,0
DA:125,0
DA:127,0
DA:129,0
DA:146,0
DA:152,0
DA:154,0
DA:155,0
DA:158,0
DA:161,0
DA:165,0
DA:176,0
DA:177,0
DA:179,0
DA:180,0
DA:181,0
DA:184,0
DA:185,0
DA:188,0
DA:190,0
DA:203,0
DA:208,0
DA:210,0
DA:211,0
DA:212,0
DA:215,0
DA:216,0
DA:220,0
DA:223,0
DA:227,0
DA:237,0
DA:238,0
DA:242,0
DA:244,0
DA:246,0
DA:247,0
DA:248,0
DA:251,0
DA:255,0
DA:266,0
DA:267,0
DA:269,0
DA:270,0
DA:271,0
DA:274,0
DA:276,0
DA:277,0
DA:280,0
DA:281,0
DA:283,0
DA:284,0
DA:287,0
DA:291,0
DA:301,0
DA:302,0
DA:303,0
DA:305,0
DA:307,0
DA:310,0
DA:315,0
LF:90
LH:0
BRDA:13,0,0,0
BRDA:16,1,0,0
BRDA:16,1,1,0
BRDA:61,2,0,0
BRDA:61,2,1,0
BRDA:83,3,0,0
BRDA:94,4,0,0
BRDA:94,4,1,0
BRDA:103,5,0,0
BRDA:103,5,1,0
BRDA:133,6,0,0
BRDA:133,6,1,0
BRDA:134,7,0,0
BRDA:134,7,1,0
BRDA:154,8,0,0
BRDA:154,8,1,0
BRDA:179,9,0,0
BRDA:179,9,1,0
BRDA:180,10,0,0
BRDA:180,10,1,0
BRDA:181,11,0,0
BRDA:181,11,1,0
BRDA:184,12,0,0
BRDA:184,12,1,0
BRDA:210,13,0,0
BRDA:210,13,1,0
BRDA:215,14,0,0
BRDA:215,14,1,0
BRDA:246,15,0,0
BRDA:246,15,1,0
BRDA:269,16,0,0
BRDA:269,16,1,0
BRDA:276,17,0,0
BRDA:276,17,1,0
BRDA:300,18,0,0
BRDA:303,19,0,0
BRDA:303,19,1,0
BRF:37
BRH:0
end_of_record
TN:
SF:src/routes/campaignRoutes.js
FN:21,(anonymous_0)
FN:61,(anonymous_1)
FN:72,(anonymous_2)
FN:95,(anonymous_3)
FN:132,(anonymous_4)
FN:154,(anonymous_5)
FN:172,(anonymous_6)
FNF:7
FNH:0
FNDA:0,(anonymous_0)
FNDA:0,(anonymous_1)
FNDA:0,(anonymous_2)
FNDA:0,(anonymous_3)
FNDA:0,(anonymous_4)
FNDA:0,(anonymous_5)
FNDA:0,(anonymous_6)
DA:2,2
DA:3,2
DA:4,2
DA:5,2
DA:6,2
DA:7,2
DA:8,2
DA:9,2
DA:10,2
DA:11,2
DA:12,2
DA:14,2
DA:15,2
DA:21,2
DA:22,0
DA:23,0
DA:24,0
DA:27,0
DA:28,0
DA:29,0
DA:34,0
DA:36,0
DA:41,0
DA:43,0
DA:49,0
DA:50,0
DA:53,0
DA:61,2
DA:62,0
DA:63,0
DA:65,0
DA:66,0
DA:70,0
DA:71,0
DA:72,0
DA:74,0
DA:87,0
DA:95,0
DA:112,0
DA:114,0
DA:120,0
DA:132,2
DA:133,0
DA:134,0
DA:136,0
DA:142,0
DA:147,0
DA:154,2
DA:155,0
DA:156,0
DA:157,0
DA:159,0
DA:161,0
DA:162,0
DA:165,0
DA:172,2
DA:173,0
DA:174,0
DA:175,0
DA:177,0
DA:179,0
DA:180,0
DA:183,0
DA:185,0
DA:190,0
DA:193,2
LF:66
LH:19
BRDA:23,0,0,0
BRDA:23,0,1,0
BRDA:38,1,0,0
BRDA:38,1,1,0
BRDA:65,2,0,0
BRDA:65,2,1,0
BRDA:65,3,0,0
BRDA:65,3,1,0
BRDA:70,4,0,0
BRDA:70,4,1,0
BRDA:71,5,0,0
BRDA:71,5,1,0
BRDA:72,6,0,0
BRDA:72,6,1,0
BRDA:72,6,2,0
BRDA:76,7,0,0
BRDA:76,7,1,0
BRDA:98,8,0,0
BRDA:98,8,1,0
BRDA:102,9,0,0
BRDA:102,9,1,0
BRDA:134,10,0,0
BRDA:134,10,1,0
BRDA:157,11,0,0
BRDA:157,11,1,0
BRDA:161,12,0,0
BRDA:161,12,1,0
BRDA:175,13,0,0
BRDA:175,13,1,0
BRDA:179,14,0,0
BRDA:179,14,1,0
BRF:31
BRH:0
end_of_record
TN:
SF:src/routes/devProxy.js
FN:5,(anonymous_0)
FNF:1
FNH:0
FNDA:0,(anonymous_0)
DA:2,2
DA:3,2
DA:5,2
DA:6,0
DA:7,0
DA:8,0
DA:9,0
DA:10,0
DA:11,0
DA:13,0
DA:14,0
DA:15,0
DA:16,0
DA:17,0
DA:18,0
DA:20,0
DA:27,0
DA:31,2
LF:18
LH:4
BRDA:7,0,0,0
BRDA:7,1,0,0
BRDA:7,2,0,0
BRDA:7,2,1,0
BRDA:8,3,0,0
BRDA:8,3,1,0
BRDA:9,4,0,0
BRDA:9,4,1,0
BRDA:9,5,0,0
BRDA:9,5,1,0
BRDA:10,6,0,0
BRDA:10,6,1,0
BRDA:11,7,0,0
BRDA:11,7,1,0
BRDA:15,8,0,0
BRDA:15,8,1,0
BRDA:17,9,0,0
BRDA:17,9,1,0
BRDA:27,10,0,0
BRDA:27,10,1,0
BRF:20
BRH:0
end_of_record
TN:
SF:src/routes/flows.js
FN:7,(anonymous_0)
FN:11,(anonymous_1)
FN:18,(anonymous_2)
FNF:3
FNH:0
FNDA:0,(anonymous_0)
FNDA:0,(anonymous_1)
FNDA:0,(anonymous_2)
DA:1,0
DA:2,0
DA:3,0
DA:4,0
DA:5,0
DA:7,0
DA:8,0
DA:9,0
DA:11,0
DA:12,0
DA:13,0
DA:14,0
DA:15,0
DA:16,0
DA:18,0
DA:19,0
LF:16
LH:0
BRDA:14,0,0,0
BRDA:14,0,1,0
BRDA:14,1,0,0
BRDA:14,1,1,0
BRDA:15,2,0,0
BRDA:15,2,1,0
BRF:6
BRH:0
end_of_record
TN:
SF:src/routes/flowsAdmin.js
FN:6,(anonymous_0)
FN:10,(anonymous_1)
FNF:2
FNH:0
FNDA:0,(anonymous_0)
FNDA:0,(anonymous_1)
DA:1,0
DA:2,0
DA:3,0
DA:4,0
DA:6,0
DA:7,0
DA:8,0
DA:10,0
DA:11,0
DA:12,0
DA:14,0
LF:11
LH:0
BRDA:11,0,0,0
BRDA:11,0,1,0
BRDA:11,1,0,0
BRDA:11,1,1,0
BRF:4
BRH:0
end_of_record
TN:
SF:src/routes/history.js
FN:8,(anonymous_0)
FNF:1
FNH:0
FNDA:0,(anonymous_0)
DA:1,2
DA:2,2
DA:3,2
DA:5,2
DA:8,2
DA:9,0
DA:10,0
DA:11,0
DA:12,0
DA:13,0
DA:15,0
DA:16,0
DA:20,2
LF:13
LH:6
BRF:0
BRH:0
end_of_record
TN:
SF:src/routes/inbound.js
FN:17,validateTwilioSignature
FN:55,(anonymous_1)
FNF:2
FNH:0
FNDA:0,validateTwilioSignature
FNDA:0,(anonymous_1)
DA:2,2
DA:3,2
DA:5,2
DA:6,2
DA:7,2
DA:9,2
DA:10,2
DA:11,2
DA:18,0
DA:19,0
DA:21,0
DA:22,0
DA:26,0
DA:30,0
DA:31,0
DA:32,0
DA:35,0
DA:42,0
DA:43,0
DA:48,0
DA:51,0
DA:52,0
DA:55,2
DA:56,0
DA:57,0
DA:63,0
DA:64,0
DA:65,0
DA:66,0
DA:68,0
DA:76,0
DA:77,0
DA:80,0
DA:82,0
DA:84,0
DA:86,0
DA:87,0
DA:89,0
DA:108,0
DA:110,0
DA:117,0
DA:121,0
DA:124,0
DA:125,0
DA:132,0
DA:134,0
DA:139,0
DA:143,2
LF:48
LH:10
BRDA:21,0,0,0
BRDA:21,0,1,0
BRDA:42,1,0,0
BRDA:42,1,1,0
BRDA:57,2,0,0
BRDA:57,2,1,0
BRDA:63,3,0,0
BRDA:63,3,1,0
BRDA:65,4,0,0
BRDA:65,4,1,0
BRDA:66,5,0,0
BRDA:66,5,1,0
BRDA:66,5,2,0
BRDA:84,6,0,0
BRDA:84,6,1,0
BRDA:87,7,0,0
BRDA:87,7,1,0
BRDA:87,8,0,0
BRDA:87,8,1,0
BRDA:98,9,0,0
BRDA:98,9,1,0
BRDA:121,10,0,0
BRDA:121,10,1,0
BRDA:124,11,0,0
BRDA:124,11,1,0
BRF:25
BRH:0
end_of_record
TN:
SF:src/routes/journeysRoutes.js
FN:16,(anonymous_0)
FN:33,(anonymous_1)
FN:48,(anonymous_2)
FN:59,(anonymous_3)
FN:70,(anonymous_4)
FN:81,(anonymous_5)
FN:92,(anonymous_6)
FN:105,(anonymous_7)
FN:122,(anonymous_8)
FN:124,(anonymous_9)
FN:153,(anonymous_10)
FNF:11
FNH:0
FNDA:0,(anonymous_0)
FNDA:0,(anonymous_1)
FNDA:0,(anonymous_2)
FNDA:0,(anonymous_3)
FNDA:0,(anonymous_4)
FNDA:0,(anonymous_5)
FNDA:0,(anonymous_6)
FNDA:0,(anonymous_7)
FNDA:0,(anonymous_8)
FNDA:0,(anonymous_9)
FNDA:0,(anonymous_10)
DA:2,2
DA:3,2
DA:5,2
DA:6,2
DA:7,2
DA:8,2
DA:9,2
DA:10,2
DA:16,2
DA:17,0
DA:18,0
DA:20,0
DA:21,0
DA:24,0
DA:26,0
DA:33,2
DA:34,0
DA:35,0
DA:37,0
DA:38,0
DA:41,0
DA:48,2
DA:49,0
DA:50,0
DA:52,0
DA:59,2
DA:60,0
DA:61,0
DA:63,0
DA:70,2
DA:71,0
DA:72,0
DA:74,0
DA:81,2
DA:82,0
DA:83,0
DA:85,0
DA:92,2
DA:93,0
DA:94,0
DA:96,0
DA:97,0
DA:101,0
DA:104,0
DA:105,0
DA:107,0
DA:108,0
DA:111,0
DA:112,0
DA:114,0
DA:115,0
DA:121,0
DA:122,0
DA:123,0
DA:124,0
DA:125,0
DA:127,0
DA:134,0
DA:135,0
DA:139,0
DA:140,0
DA:153,0
DA:159,0
DA:162,0
DA:168,0
DA:175,0
DA:178,2
LF:67
LH:16
BRDA:20,0,0,0
BRDA:20,0,1,0
BRDA:37,1,0,0
BRDA:37,1,1,0
BRDA:96,2,0,0
BRDA:96,2,1,0
BRDA:101,3,0,0
BRDA:101,3,1,0
BRDA:104,4,0,0
BRDA:104,4,1,0
BRDA:107,5,0,0
BRDA:107,5,1,0
BRDA:112,6,0,0
BRDA:112,6,1,0
BRDA:112,6,2,0
BRDA:114,7,0,0
BRDA:114,7,1,0
BRDA:114,8,0,0
BRDA:114,8,1,0
BRDA:121,9,0,0
BRDA:121,9,1,0
BRDA:134,10,0,0
BRDA:134,10,1,0
BRF:23
BRH:0
end_of_record
TN:
SF:src/routes/runsRoutes.js
FN:15,(anonymous_0)
FN:35,(anonymous_1)
FN:52,(anonymous_2)
FN:64,(anonymous_3)
FN:95,(anonymous_4)
FN:122,(anonymous_5)
FN:136,(anonymous_6)
FNF:7
FNH:0
FNDA:0,(anonymous_0)
FNDA:0,(anonymous_1)
FNDA:0,(anonymous_2)
FNDA:0,(anonymous_3)
FNDA:0,(anonymous_4)
FNDA:0,(anonymous_5)
FNDA:0,(anonymous_6)
DA:2,2
DA:3,2
DA:5,2
DA:6,2
DA:7,2
DA:8,2
DA:9,2
DA:15,2
DA:16,0
DA:17,0
DA:19,0
DA:20,0
DA:22,0
DA:23,0
DA:26,0
DA:28,0
DA:35,2
DA:36,0
DA:37,0
DA:39,0
DA:41,0
DA:42,0
DA:45,0
DA:52,2
DA:53,0
DA:54,0
DA:57,0
DA:59,0
DA:60,0
DA:64,0
DA:65,0
DA:70,0
DA:81,0
DA:88,0
DA:95,2
DA:96,0
DA:98,0
DA:100,0
DA:101,0
DA:105,0
DA:110,0
DA:115,0
DA:122,2
DA:123,0
DA:125,0
DA:127,0
DA:128,0
DA:132,0
DA:133,0
DA:135,0
DA:136,0
DA:137,0
DA:147,0
DA:149,0
DA:150,0
DA:151,0
DA:154,2
LF:57
LH:13
BRDA:19,0,0,0
BRDA:19,0,1,0
BRDA:22,1,0,0
BRDA:22,1,1,0
BRDA:41,2,0,0
BRDA:41,2,1,0
BRDA:59,3,0,0
BRDA:59,3,1,0
BRDA:65,4,0,0
BRDA:65,4,1,0
BRDA:100,5,0,0
BRDA:100,5,1,0
BRDA:127,6,0,0
BRDA:127,6,1,0
BRDA:135,7,0,0
BRDA:135,7,1,0
BRDA:135,8,0,0
BRDA:135,8,1,0
BRDA:141,9,0,0
BRDA:141,9,1,0
BRF:20
BRH:0
end_of_record
TN:
SF:src/routes/send.js
FN:7,(anonymous_0)
FN:10,(anonymous_1)
FN:49,(anonymous_2)
FNF:3
FNH:0
FNDA:0,(anonymous_0)
FNDA:0,(anonymous_1)
FNDA:0,(anonymous_2)
DA:2,2
DA:3,2
DA:4,2
DA:5,2
DA:7,2
DA:10,2
DA:11,0
DA:13,0
DA:15,0
DA:16,0
DA:17,0
DA:18,0
DA:20,0
DA:22,0
DA:24,0
DA:27,0
DA:28,0
DA:29,0
DA:30,0
DA:38,0
DA:41,0
DA:43,0
DA:44,0
DA:49,2
DA:50,0
DA:51,0
DA:52,0
DA:53,0
DA:54,0
DA:55,0
DA:57,0
DA:58,0
DA:62,2
LF:33
LH:8
BRDA:13,0,0,0
BRDA:13,0,1,0
BRDA:13,1,0,0
BRDA:13,1,1,0
BRDA:15,2,0,0
BRDA:15,2,1,0
BRDA:16,3,0,0
BRDA:16,3,1,0
BRDA:17,4,0,0
BRDA:17,4,1,0
BRDA:22,5,0,0
BRDA:22,5,1,0
BRDA:22,6,0,0
BRDA:22,6,1,0
BRDA:34,7,0,0
BRDA:34,7,1,0
BRDA:35,8,0,0
BRDA:35,8,1,0
BRDA:41,9,0,0
BRDA:41,9,1,0
BRDA:51,10,0,0
BRDA:51,10,1,0
BRDA:53,11,0,0
BRDA:53,11,1,0
BRDA:53,12,0,0
BRDA:53,12,1,0
BRF:26
BRH:0
end_of_record
TN:
SF:src/routes/send_old.js
FN:6,(anonymous_0)
FN:9,(anonymous_1)
FN:29,(anonymous_2)
FNF:3
FNH:0
FNDA:0,(anonymous_0)
FNDA:0,(anonymous_1)
FNDA:0,(anonymous_2)
DA:2,0
DA:3,0
DA:4,0
DA:6,0
DA:9,0
DA:10,0
DA:11,0
DA:12,0
DA:13,0
DA:14,0
DA:16,0
DA:18,0
DA:20,0
DA:21,0
DA:23,0
DA:24,0
DA:29,0
DA:30,0
DA:31,0
DA:32,0
DA:33,0
DA:34,0
DA:35,0
DA:37,0
DA:38,0
DA:42,0
LF:26
LH:0
BRDA:11,0,0,0
BRDA:11,0,1,0
BRDA:12,1,0,0
BRDA:12,1,1,0
BRDA:13,2,0,0
BRDA:13,2,1,0
BRDA:18,3,0,0
BRDA:18,3,1,0
BRDA:18,4,0,0
BRDA:18,4,1,0
BRDA:21,5,0,0
BRDA:21,5,1,0
BRDA:31,6,0,0
BRDA:31,6,1,0
BRDA:33,7,0,0
BRDA:33,7,1,0
BRDA:33,8,0,0
BRDA:33,8,1,0
BRF:18
BRH:0
end_of_record
TN:
SF:src/routes/suggestCopy.js
FN:9,normalizeCategory
FN:16,categoryGuidelines
FN:39,(anonymous_2)
FNF:3
FNH:0
FNDA:0,normalizeCategory
FNDA:0,categoryGuidelines
FNDA:0,(anonymous_2)
DA:2,2
DA:3,2
DA:4,2
DA:6,2
DA:10,0
DA:11,0
DA:12,0
DA:13,0
DA:17,0
DA:18,0
DA:25,0
DA:26,0
DA:33,0
DA:39,2
DA:40,0
DA:52,0
DA:54,0
DA:55,0
DA:57,0
DA:67,0
DA:88,0
DA:98,0
DA:99,0
DA:101,0
DA:102,0
DA:106,2
LF:26
LH:6
BRDA:10,0,0,0
BRDA:10,0,1,0
BRDA:11,1,0,0
BRDA:11,1,1,0
BRDA:12,2,0,0
BRDA:12,2,1,0
BRDA:17,3,0,0
BRDA:17,3,1,0
BRDA:25,4,0,0
BRDA:25,4,1,0
BRDA:42,5,0,0
BRDA:43,6,0,0
BRDA:44,7,0,0
BRDA:45,8,0,0
BRDA:46,9,0,0
BRDA:47,10,0,0
BRDA:48,11,0,0
BRDA:49,12,0,0
BRDA:50,13,0,0
BRDA:51,14,0,0
BRDA:52,15,0,0
BRDA:52,15,1,0
BRDA:98,16,0,0
BRDA:98,16,1,0
BRF:24
BRH:0
end_of_record
TN:
SF:src/routes/templateGuardHybrid.js
FN:5,ruleCheck
FN:20,aiCheck
FN:39,(anonymous_2)
FNF:3
FNH:0
FNDA:0,ruleCheck
FNDA:0,aiCheck
FNDA:0,(anonymous_2)
DA:1,2
DA:2,2
DA:3,2
DA:6,0
DA:7,0
DA:8,0
DA:9,0
DA:10,0
DA:11,0
DA:12,0
DA:13,0
DA:14,0
DA:15,0
DA:16,0
DA:17,0
DA:21,0
DA:23,0
DA:29,0
DA:30,0
DA:39,2
DA:40,0
DA:41,0
DA:42,0
DA:44,0
DA:45,0
DA:46,0
DA:47,0
DA:50,0
DA:51,0
DA:52,0
DA:54,0
DA:55,0
DA:58,2
LF:33
LH:5
BRDA:5,0,0,0
BRDA:6,1,0,0
BRDA:6,1,1,0
BRDA:7,2,0,0
BRDA:7,2,1,0
BRDA:8,3,0,0
BRDA:8,3,1,0
BRDA:9,4,0,0
BRDA:9,4,1,0
BRDA:11,5,0,0
BRDA:11,5,1,0
BRDA:14,6,0,0
BRDA:14,6,1,0
BRDA:14,7,0,0
BRDA:14,7,1,0
BRDA:14,8,0,0
BRDA:14,8,1,0
BRDA:14,9,0,0
BRDA:14,9,1,0
BRDA:14,10,0,0
BRDA:14,10,1,0
BRDA:15,11,0,0
BRDA:15,11,1,0
BRDA:15,12,0,0
BRDA:15,12,1,0
BRDA:16,13,0,0
BRDA:16,13,1,0
BRDA:16,14,0,0
BRDA:16,14,1,0
BRDA:16,15,0,0
BRDA:16,15,1,0
BRDA:29,16,0,0
BRDA:29,16,1,0
BRDA:31,17,0,0
BRDA:31,17,1,0
BRDA:32,18,0,0
BRDA:32,18,1,0
BRDA:33,19,0,0
BRDA:33,19,1,0
BRDA:34,20,0,0
BRDA:34,20,1,0
BRDA:35,21,0,0
BRDA:35,21,1,0
BRDA:41,22,0,0
BRDA:41,22,1,0
BRDA:45,23,0,0
BRDA:45,23,1,0
BRDA:50,24,0,0
BRDA:50,24,1,0
BRDA:50,25,0,0
BRDA:50,25,1,0
BRDA:51,26,0,0
BRDA:51,26,1,0
BRDA:51,27,0,0
BRDA:51,27,1,0
BRDA:52,28,0,0
BRDA:52,28,1,0
BRF:57
BRH:0
end_of_record
TN:
SF:src/routes/templateRoutes.js
FN:6,(anonymous_0)
FN:69,(anonymous_1)
FN:80,(anonymous_2)
FNF:3
FNH:0
FNDA:0,(anonymous_0)
FNDA:0,(anonymous_1)
FNDA:0,(anonymous_2)
DA:1,2
DA:2,2
DA:3,2
DA:6,2
DA:7,0
DA:15,0
DA:17,0
DA:18,0
DA:22,0
DA:29,0
DA:30,0
DA:34,0
DA:41,0
DA:44,0
DA:45,0
DA:46,0
DA:49,0
DA:61,0
DA:63,0
DA:64,0
DA:69,2
DA:70,0
DA:71,0
DA:78,0
DA:80,0
DA:81,0
DA:90,0
DA:92,0
DA:93,0
DA:97,2
LF:30
LH:6
BRDA:11,0,0,0
BRDA:13,1,0,0
BRDA:17,2,0,0
BRDA:17,2,1,0
BRDA:17,3,0,0
BRDA:17,3,1,0
BRDA:17,3,2,0
BRDA:17,3,3,0
BRDA:29,4,0,0
BRDA:29,4,1,0
BRDA:29,5,0,0
BRDA:29,5,1,0
BRDA:44,6,0,0
BRDA:44,6,1,0
BRDA:45,7,0,0
BRDA:45,7,1,0
BRDA:63,8,0,0
BRDA:63,8,1,0
BRDA:78,9,0,0
BRDA:78,9,1,0
BRDA:92,10,0,0
BRDA:92,10,1,0
BRF:22
BRH:0
end_of_record
TN:
SF:src/services/queueService.js
FNF:0
FNH:0
DA:1,0
DA:2,0
DA:4,0
DA:9,0
DA:10,0
LF:5
LH:0
BRDA:5,0,0,0
BRDA:5,0,1,0
BRDA:6,1,0,0
BRDA:6,1,1,0
BRF:4
BRH:0
end_of_record
TN:
SF:src/services/runService.js
FN:14,(anonymous_0)
FN:28,(anonymous_1)
FN:43,(anonymous_2)
FN:45,(anonymous_3)
FN:74,(anonymous_4)
FN:120,(anonymous_5)
FN:168,(anonymous_6)
FN:181,(anonymous_7)
FN:182,(anonymous_8)
FN:183,(anonymous_9)
FN:184,(anonymous_10)
FNF:11
FNH:0
FNDA:0,(anonymous_0)
FNDA:0,(anonymous_1)
FNDA:0,(anonymous_2)
FNDA:0,(anonymous_3)
FNDA:0,(anonymous_4)
FNDA:0,(anonymous_5)
FNDA:0,(anonymous_6)
FNDA:0,(anonymous_7)
FNDA:0,(anonymous_8)
FNDA:0,(anonymous_9)
FNDA:0,(anonymous_10)
DA:1,0
DA:2,0
DA:3,0
DA:4,0
DA:15,0
DA:17,0
DA:19,0
DA:20,0
DA:24,0
DA:26,0
DA:28,0
DA:30,0
DA:31,0
DA:34,0
DA:35,0
DA:37,0
DA:38,0
DA:42,0
DA:43,0
DA:44,0
DA:45,0
DA:46,0
DA:48,0
DA:55,0
DA:56,0
DA:60,0
DA:61,0
DA:74,0
DA:80,0
DA:83,0
DA:96,0
DA:103,0
DA:105,0
DA:110,0
DA:121,0
DA:122,0
DA:124,0
DA:125,0
DA:128,0
DA:129,0
DA:130,0
DA:134,0
DA:140,0
DA:141,0
DA:142,0
DA:143,0
DA:144,0
DA:147,0
DA:150,0
DA:152,0
DA:154,0
DA:159,0
DA:169,0
DA:170,0
DA:172,0
DA:173,0
DA:176,0
DA:178,0
DA:181,0
DA:182,0
DA:183,0
DA:184,0
DA:188,0
DA:190,0
DA:194,0
DA:199,0
LF:66
LH:0
BRDA:14,0,0,0
BRDA:14,1,0,0
BRDA:19,2,0,0
BRDA:19,2,1,0
BRDA:26,3,0,0
BRDA:26,3,1,0
BRDA:26,4,0,0
BRDA:26,4,1,0
BRDA:30,5,0,0
BRDA:30,5,1,0
BRDA:35,6,0,0
BRDA:35,6,1,0
BRDA:35,6,2,0
BRDA:37,7,0,0
BRDA:37,7,1,0
BRDA:37,8,0,0
BRDA:37,8,1,0
BRDA:42,9,0,0
BRDA:42,9,1,0
BRDA:55,10,0,0
BRDA:55,10,1,0
BRDA:120,11,0,0
BRDA:124,12,0,0
BRDA:124,12,1,0
BRDA:128,13,0,0
BRDA:128,13,1,0
BRDA:128,14,0,0
BRDA:128,14,1,0
BRDA:142,15,0,0
BRDA:142,15,1,0
BRDA:172,16,0,0
BRDA:172,16,1,0
BRDA:176,17,0,0
BRDA:176,17,1,0
BRDA:185,18,0,0
BRDA:185,18,1,0
BRF:36
BRH:0
end_of_record
TN:
SF:src/services/twilioService.js
FN:7,getClient
FN:20,normalizeWa
FN:24,coerceWhats
FN:33,sendWhatsApp
FNF:4
FNH:0
FNDA:0,getClient
FNDA:0,normalizeWa
FNDA:0,coerceWhats
FNDA:0,sendWhatsApp
DA:2,2
DA:4,2
DA:6,2
DA:8,0
DA:9,0
DA:10,0
DA:11,0
DA:13,0
DA:14,0
DA:17,2
DA:18,2
DA:21,0
DA:22,0
DA:25,0
DA:26,0
DA:34,0
DA:36,0
DA:38,0
DA:39,0
DA:41,0
DA:43,0
DA:44,0
DA:45,0
DA:47,0
DA:49,0
DA:50,0
DA:51,0
DA:53,0
DA:56,0
DA:61,0
DA:62,0
DA:63,0
DA:64,0
DA:68,2
LF:34
LH:6
BRDA:8,0,0,0
BRDA:8,0,1,0
BRDA:10,1,0,0
BRDA:10,1,1,0
BRDA:10,2,0,0
BRDA:10,2,1,0
BRDA:17,3,0,2
BRDA:17,3,1,0
BRDA:18,4,0,2
BRDA:18,4,1,0
BRDA:21,5,0,0
BRDA:21,5,1,0
BRDA:25,6,0,0
BRDA:25,6,1,0
BRDA:26,7,0,0
BRDA:26,7,1,0
BRDA:34,8,0,0
BRDA:34,8,1,0
BRDA:34,9,0,0
BRDA:34,9,1,0
BRDA:38,10,0,0
BRDA:38,10,1,0
BRDA:38,11,0,0
BRDA:38,11,1,0
BRDA:39,12,0,0
BRDA:39,12,1,0
BRDA:39,13,0,0
BRDA:39,13,1,0
BRDA:43,14,0,0
BRDA:43,14,1,0
BRDA:44,15,0,0
BRDA:44,15,1,0
BRDA:44,16,0,0
BRDA:44,16,1,0
BRDA:44,17,0,0
BRDA:44,17,1,0
BRDA:47,18,0,0
BRDA:47,18,1,0
BRDA:49,19,0,0
BRDA:49,19,1,0
BRDA:51,20,0,0
BRDA:51,20,1,0
BRDA:58,21,0,0
BRDA:58,21,1,0
BRDA:63,22,0,0
BRDA:63,22,1,0
BRF:46
BRH:2
end_of_record
TN:
SF:src/services/twilioService_old.js
FN:15,(anonymous_0)
FN:20,sendWhatsApp
FN:56,sendSMS
FNF:3
FNH:0
FNDA:0,(anonymous_0)
FNDA:0,sendWhatsApp
FNDA:0,sendSMS
DA:2,0
DA:4,0
DA:5,0
DA:6,0
DA:7,0
DA:9,0
DA:10,0
DA:12,0
DA:15,0
DA:16,0
DA:17,0
DA:21,0
DA:22,0
DA:28,0
DA:29,0
DA:30,0
DA:32,0
DA:34,0
DA:38,0
DA:40,0
DA:41,0
DA:42,0
DA:43,0
DA:45,0
DA:52,0
DA:57,0
DA:61,0
DA:62,0
DA:64,0
DA:65,0
DA:66,0
DA:67,0
DA:69,0
DA:70,0
DA:74,0
LF:35
LH:0
BRDA:6,0,0,0
BRDA:6,0,1,0
BRDA:7,1,0,0
BRDA:7,1,1,0
BRDA:9,2,0,0
BRDA:9,2,1,0
BRDA:9,3,0,0
BRDA:9,3,1,0
BRDA:16,4,0,0
BRDA:16,4,1,0
BRDA:20,5,0,0
BRDA:21,6,0,0
BRDA:21,6,1,0
BRDA:24,7,0,0
BRDA:24,7,1,0
BRDA:28,8,0,0
BRDA:28,8,1,0
BRDA:30,9,0,0
BRDA:30,9,1,0
BRDA:38,10,0,0
BRDA:38,10,1,0
BRDA:59,11,0,0
BRDA:59,11,1,0
BRDA:61,12,0,0
BRDA:61,12,1,0
BRF:25
BRH:0
end_of_record
TN:
SF:src/utils/flowUtils.js
FN:9,ensure
FN:14,readRuns
FN:15,writeRuns
FN:16,readSteps
FN:17,writeSteps
FN:19,render
FN:20,(anonymous_6)
FN:21,(anonymous_7)
FN:25,getPath
FN:25,(anonymous_9)
FN:26,setVars
FN:28,(anonymous_11)
FN:31,nextOf
FN:31,(anonymous_13)
FN:33,addRun
FN:34,upsertRun
FN:35,(anonymous_16)
FN:38,addStep
FNF:18
FNH:0
FNDA:0,ensure
FNDA:0,readRuns
FNDA:0,writeRuns
FNDA:0,readSteps
FNDA:0,writeSteps
FNDA:0,render
FNDA:0,(anonymous_6)
FNDA:0,(anonymous_7)
FNDA:0,getPath
FNDA:0,(anonymous_9)
FNDA:0,setVars
FNDA:0,(anonymous_11)
FNDA:0,nextOf
FNDA:0,(anonymous_13)
FNDA:0,addRun
FNDA:0,upsertRun
FNDA:0,(anonymous_16)
FNDA:0,addStep
DA:2,0
DA:3,0
DA:5,0
DA:6,0
DA:7,0
DA:10,0
DA:11,0
DA:12,0
DA:14,0
DA:15,0
DA:16,0
DA:17,0
DA:20,0
DA:21,0
DA:22,0
DA:25,0
DA:27,0
DA:28,0
DA:29,0
DA:31,0
DA:33,0
DA:35,0
DA:36,0
DA:38,0
DA:40,0
LF:25
LH:0
BRDA:10,0,0,0
BRDA:10,0,1,0
BRDA:11,1,0,0
BRDA:11,1,1,0
BRDA:12,2,0,0
BRDA:12,2,1,0
BRDA:19,3,0,0
BRDA:19,4,0,0
BRDA:21,5,0,0
BRDA:21,5,1,0
BRDA:21,6,0,0
BRDA:21,6,1,0
BRDA:22,7,0,0
BRDA:22,7,1,0
BRDA:25,8,0,0
BRDA:25,9,0,0
BRDA:25,9,1,0
BRDA:25,10,0,0
BRDA:25,10,1,0
BRDA:26,11,0,0
BRDA:28,12,0,0
BRDA:28,12,1,0
BRDA:28,13,0,0
BRDA:28,13,1,0
BRDA:28,14,0,0
BRDA:28,14,1,0
BRDA:31,15,0,0
BRDA:31,15,1,0
BRDA:35,16,0,0
BRDA:35,16,1,0
BRF:30
BRH:0
end_of_record
TN:
SF:src/utils/isoDuration.js
FN:1,parseISODurationToMs
FNF:1
FNH:0
FNDA:0,parseISODurationToMs
DA:2,0
DA:3,0
DA:4,0
DA:5,0
DA:6,0
DA:7,0
DA:8,0
DA:10,0
LF:8
LH:0
BRDA:2,0,0,0
BRDA:2,0,1,0
BRDA:4,1,0,0
BRDA:4,1,1,0
BRDA:5,2,0,0
BRDA:5,2,1,0
BRDA:6,3,0,0
BRDA:6,3,1,0
BRDA:7,4,0,0
BRDA:7,4,1,0
BRF:10
BRH:0
end_of_record
TN:
SF:src/utils/logger.js
FN:39,(anonymous_0)
FNF:1
FNH:0
FNDA:0,(anonymous_0)
DA:1,0
DA:2,0
DA:4,0
DA:5,0
DA:7,0
DA:34,0
DA:35,0
DA:40,0
DA:41,0
DA:42,0
DA:44,0
DA:51,0
LF:12
LH:0
BRDA:4,0,0,0
BRDA:4,0,1,0
BRDA:5,1,0,0
BRDA:5,1,1,0
BRDA:34,2,0,0
BRDA:34,2,1,0
BRDA:41,3,0,0
BRDA:41,3,1,0
BRF:8
BRH:0
end_of_record
TN:
SF:src/utils/messagingService.js
FN:14,sendMessage
FNF:1
FNH:0
FNDA:0,sendMessage
DA:2,0
DA:4,0
DA:5,0
DA:6,0
DA:8,0
DA:9,0
DA:15,0
DA:16,0
DA:17,0
DA:19,0
DA:25,0
DA:27,0
DA:28,0
DA:32,0
LF:14
LH:0
BRDA:16,0,0,0
BRDA:16,0,1,0
BRDA:17,1,0,0
BRDA:17,1,1,0
BRF:4
BRH:0
end_of_record
